{"/home/travis/build/npmtest/node-npmtest-stylint/test.js":{"path":"/home/travis/build/npmtest/node-npmtest-stylint/test.js","s":{"1":2,"2":2,"3":2,"4":2,"5":2,"6":2,"7":2,"8":1,"9":2,"10":2,"11":1,"12":1,"13":1,"14":1,"15":2,"16":2,"17":2,"18":2,"19":1,"20":1,"21":2,"22":2,"23":2,"24":1,"25":1,"26":1,"27":1,"28":1,"29":1,"30":1,"31":1,"32":1,"33":1,"34":1,"35":1,"36":1,"37":1,"38":1,"39":2,"40":2,"41":1,"42":2,"43":2,"44":1,"45":2,"46":2,"47":1,"48":2,"49":2,"50":1,"51":1,"52":1,"53":1,"54":1},"b":{"1":[2,1,1,1],"2":[1,1,1,1],"3":[1,1],"4":[1,1],"5":[1,1],"6":[1,1],"7":[1,1],"8":[1,1],"9":[1,1],"10":[1,1,1],"11":[1,1],"12":[1,1],"13":[1,1],"14":[1,1],"15":[1,1],"16":[1,1],"17":[1,1]},"f":{"1":2,"2":2,"3":2,"4":2,"5":2,"6":1,"7":1,"8":1,"9":2,"10":2,"11":2,"12":2,"13":1},"fnMap":{"1":{"name":"(anonymous_1)","line":12,"loc":{"start":{"line":12,"column":1},"end":{"line":12,"column":13}}},"2":{"name":"(anonymous_2)","line":19,"loc":{"start":{"line":19,"column":5},"end":{"line":19,"column":17}}},"3":{"name":"(anonymous_3)","line":23,"loc":{"start":{"line":23,"column":24},"end":{"line":23,"column":36}}},"4":{"name":"(anonymous_4)","line":61,"loc":{"start":{"line":61,"column":5},"end":{"line":61,"column":17}}},"5":{"name":"(anonymous_5)","line":82,"loc":{"start":{"line":82,"column":5},"end":{"line":82,"column":17}}},"6":{"name":"(anonymous_6)","line":91,"loc":{"start":{"line":91,"column":77},"end":{"line":94,"column":10}}},"7":{"name":"(anonymous_7)","line":112,"loc":{"start":{"line":112,"column":83},"end":{"line":115,"column":10}},"skip":true},"8":{"name":"(anonymous_8)","line":123,"loc":{"start":{"line":123,"column":77},"end":{"line":126,"column":10}},"skip":true},"9":{"name":"(anonymous_9)","line":139,"loc":{"start":{"line":139,"column":12},"end":{"line":139,"column":40}},"skip":true},"10":{"name":"(anonymous_10)","line":147,"loc":{"start":{"line":147,"column":77},"end":{"line":150,"column":10}},"skip":true},"11":{"name":"(anonymous_11)","line":158,"loc":{"start":{"line":158,"column":83},"end":{"line":161,"column":10}},"skip":true},"12":{"name":"(anonymous_12)","line":169,"loc":{"start":{"line":169,"column":79},"end":{"line":172,"column":10}},"skip":true},"13":{"name":"(anonymous_13)","line":180,"loc":{"start":{"line":180,"column":75},"end":{"line":183,"column":10}},"skip":true}},"statementMap":{"1":{"start":{"line":12,"column":0},"end":{"line":195,"column":5}},"2":{"start":{"line":14,"column":4},"end":{"line":14,"column":14}},"3":{"start":{"line":19,"column":4},"end":{"line":56,"column":9}},"4":{"start":{"line":21,"column":8},"end":{"line":21,"column":19}},"5":{"start":{"line":23,"column":8},"end":{"line":35,"column":13}},"6":{"start":{"line":24,"column":12},"end":{"line":34,"column":13}},"7":{"start":{"line":25,"column":16},"end":{"line":28,"column":30}},"8":{"start":{"line":30,"column":16},"end":{"line":33,"column":27}},"9":{"start":{"line":37,"column":8},"end":{"line":39,"column":21}},"10":{"start":{"line":40,"column":8},"end":{"line":53,"column":9}},"11":{"start":{"line":43,"column":12},"end":{"line":46,"column":14}},"12":{"start":{"line":47,"column":12},"end":{"line":47,"column":18}},"13":{"start":{"line":50,"column":12},"end":{"line":51,"column":46}},"14":{"start":{"line":52,"column":12},"end":{"line":52,"column":18}},"15":{"start":{"line":55,"column":8},"end":{"line":55,"column":35}},"16":{"start":{"line":61,"column":4},"end":{"line":63,"column":9}},"17":{"start":{"line":62,"column":8},"end":{"line":62,"column":15}},"18":{"start":{"line":64,"column":4},"end":{"line":77,"column":5}},"19":{"start":{"line":70,"column":8},"end":{"line":70,"column":14}},"20":{"start":{"line":76,"column":8},"end":{"line":76,"column":14}},"21":{"start":{"line":82,"column":4},"end":{"line":84,"column":9}},"22":{"start":{"line":83,"column":8},"end":{"line":83,"column":15}},"23":{"start":{"line":85,"column":4},"end":{"line":194,"column":5}},"24":{"start":{"line":91,"column":8},"end":{"line":99,"column":10}},"25":{"start":{"line":98,"column":12},"end":{"line":98,"column":35}},"26":{"start":{"line":102,"column":8},"end":{"line":104,"column":63}},"27":{"start":{"line":105,"column":8},"end":{"line":105,"column":14}},"28":{"start":{"line":112,"column":8},"end":{"line":121,"column":10},"skip":true},"29":{"start":{"line":119,"column":12},"end":{"line":119,"column":55},"skip":true},"30":{"start":{"line":120,"column":12},"end":{"line":120,"column":48},"skip":true},"31":{"start":{"line":123,"column":8},"end":{"line":136,"column":10},"skip":true},"32":{"start":{"line":130,"column":12},"end":{"line":130,"column":76},"skip":true},"33":{"start":{"line":131,"column":12},"end":{"line":131,"column":73},"skip":true},"34":{"start":{"line":132,"column":12},"end":{"line":132,"column":74},"skip":true},"35":{"start":{"line":133,"column":12},"end":{"line":133,"column":79},"skip":true},"36":{"start":{"line":134,"column":12},"end":{"line":134,"column":25},"skip":true},"37":{"start":{"line":135,"column":12},"end":{"line":135,"column":45},"skip":true},"38":{"start":{"line":138,"column":8},"end":{"line":145,"column":14},"skip":true},"39":{"start":{"line":143,"column":16},"end":{"line":143,"column":29},"skip":true},"40":{"start":{"line":144,"column":16},"end":{"line":144,"column":55},"skip":true},"41":{"start":{"line":147,"column":8},"end":{"line":156,"column":10},"skip":true},"42":{"start":{"line":154,"column":12},"end":{"line":154,"column":25},"skip":true},"43":{"start":{"line":155,"column":12},"end":{"line":155,"column":45},"skip":true},"44":{"start":{"line":158,"column":8},"end":{"line":167,"column":10},"skip":true},"45":{"start":{"line":165,"column":12},"end":{"line":165,"column":25},"skip":true},"46":{"start":{"line":166,"column":12},"end":{"line":166,"column":48},"skip":true},"47":{"start":{"line":169,"column":8},"end":{"line":178,"column":10},"skip":true},"48":{"start":{"line":176,"column":12},"end":{"line":176,"column":25},"skip":true},"49":{"start":{"line":177,"column":12},"end":{"line":177,"column":46},"skip":true},"50":{"start":{"line":180,"column":8},"end":{"line":189,"column":10},"skip":true},"51":{"start":{"line":187,"column":12},"end":{"line":187,"column":94},"skip":true},"52":{"start":{"line":188,"column":12},"end":{"line":188,"column":48},"skip":true},"53":{"start":{"line":192,"column":8},"end":{"line":192,"column":35},"skip":true},"54":{"start":{"line":193,"column":8},"end":{"line":193,"column":14},"skip":true}},"branchMap":{"1":{"line":25,"type":"binary-expr","locations":[{"start":{"line":25,"column":23},"end":{"line":25,"column":62}},{"start":{"line":26,"column":20},"end":{"line":26,"column":70}},{"start":{"line":27,"column":20},"end":{"line":27,"column":71}},{"start":{"line":28,"column":20},"end":{"line":28,"column":29}}]},"2":{"line":30,"type":"binary-expr","locations":[{"start":{"line":30,"column":23},"end":{"line":30,"column":37}},{"start":{"line":31,"column":20},"end":{"line":31,"column":61}},{"start":{"line":32,"column":20},"end":{"line":32,"column":70}},{"start":{"line":33,"column":20},"end":{"line":33,"column":26}}]},"3":{"line":37,"type":"cond-expr","locations":[{"start":{"line":38,"column":14},"end":{"line":38,"column":20}},{"start":{"line":39,"column":14},"end":{"line":39,"column":20}}]},"4":{"line":40,"type":"switch","locations":[{"start":{"line":42,"column":8},"end":{"line":47,"column":18}},{"start":{"line":49,"column":8},"end":{"line":52,"column":18}}]},"5":{"line":44,"type":"binary-expr","locations":[{"start":{"line":44,"column":16},"end":{"line":44,"column":44}},{"start":{"line":44,"column":48},"end":{"line":44,"column":66}}]},"6":{"line":50,"type":"binary-expr","locations":[{"start":{"line":50,"column":21},"end":{"line":50,"column":49}},{"start":{"line":50,"column":53},"end":{"line":50,"column":72}}]},"7":{"line":64,"type":"switch","locations":[{"start":{"line":69,"column":4},"end":{"line":70,"column":14}},{"start":{"line":75,"column":4},"end":{"line":76,"column":14}}]},"8":{"line":85,"type":"switch","locations":[{"start":{"line":90,"column":4},"end":{"line":105,"column":14}},{"start":{"line":111,"column":4},"end":{"line":193,"column":14},"skip":true}]},"9":{"line":91,"type":"binary-expr","locations":[{"start":{"line":91,"column":42},"end":{"line":91,"column":73}},{"start":{"line":91,"column":77},"end":{"line":99,"column":9}}]},"10":{"line":102,"type":"binary-expr","locations":[{"start":{"line":102,"column":18},"end":{"line":102,"column":32}},{"start":{"line":103,"column":12},"end":{"line":103,"column":53}},{"start":{"line":104,"column":12},"end":{"line":104,"column":61}}]},"11":{"line":112,"type":"binary-expr","locations":[{"start":{"line":112,"column":45},"end":{"line":112,"column":79},"skip":true},{"start":{"line":112,"column":83},"end":{"line":121,"column":9},"skip":true}]},"12":{"line":123,"type":"binary-expr","locations":[{"start":{"line":123,"column":42},"end":{"line":123,"column":73},"skip":true},{"start":{"line":123,"column":77},"end":{"line":136,"column":9},"skip":true}]},"13":{"line":138,"type":"binary-expr","locations":[{"start":{"line":138,"column":48},"end":{"line":138,"column":85},"skip":true},{"start":{"line":139,"column":12},"end":{"line":145,"column":13},"skip":true}]},"14":{"line":147,"type":"binary-expr","locations":[{"start":{"line":147,"column":42},"end":{"line":147,"column":73},"skip":true},{"start":{"line":147,"column":77},"end":{"line":156,"column":9},"skip":true}]},"15":{"line":158,"type":"binary-expr","locations":[{"start":{"line":158,"column":45},"end":{"line":158,"column":79},"skip":true},{"start":{"line":158,"column":83},"end":{"line":167,"column":9},"skip":true}]},"16":{"line":169,"type":"binary-expr","locations":[{"start":{"line":169,"column":43},"end":{"line":169,"column":75},"skip":true},{"start":{"line":169,"column":79},"end":{"line":178,"column":9},"skip":true}]},"17":{"line":180,"type":"binary-expr","locations":[{"start":{"line":180,"column":41},"end":{"line":180,"column":71},"skip":true},{"start":{"line":180,"column":75},"end":{"line":189,"column":9},"skip":true}]}},"code":["/* istanbul instrument in package npmtest_stylint */","/*jslint","    bitwise: true,","    browser: true,","    maxerr: 8,","    maxlen: 96,","    node: true,","    nomen: true,","    regexp: true,","    stupid: true","*/","(function () {","    'use strict';","    var local;","","","","    // run shared js-env code - pre-init","    (function () {","        // init local","        local = {};","        // init modeJs","        local.modeJs = (function () {","            try {","                return typeof navigator.userAgent === 'string' &&","                    typeof document.querySelector('body') === 'object' &&","                    typeof XMLHttpRequest.prototype.open === 'function' &&","                    'browser';","            } catch (errorCaughtBrowser) {","                return module.exports &&","                    typeof process.versions.node === 'string' &&","                    typeof require('http').createServer === 'function' &&","                    'node';","            }","        }());","        // init global","        local.global = local.modeJs === 'browser'","            ? window","            : global;","        switch (local.modeJs) {","        // re-init local from window.local","        case 'browser':","            local = local.global.utility2.objectSetDefault(","                local.global.utility2_rollup || local.global.local,","                local.global.utility2","            );","            break;","        // re-init local from example.js","        case 'node':","            local = (local.global.utility2_rollup || require('utility2'))","                .requireExampleJsFromReadme();","            break;","        }","        // export local","        local.global.local = local;","    }());","","","","    // run shared js-env code - function","    (function () {","        return;","    }());","    switch (local.modeJs) {","","","","    // run browser js-env code - function","    case 'browser':","        break;","","","","    // run node js-env code - function","    case 'node':","        break;","    }","","","","    // run shared js-env code - post-init","    (function () {","        return;","    }());","    switch (local.modeJs) {","","","","    // run browser js-env code - post-init","    case 'browser':","        local.testCase_browser_nullCase = local.testCase_browser_nullCase || function (","            options,","            onError","        ) {","        /*","         * this function will test browsers's null-case handling-behavior-behavior","         */","            onError(null, options);","        };","","        // run tests","        local.nop(local.modeTest &&","            document.querySelector('#testRunButton1') &&","            document.querySelector('#testRunButton1').click());","        break;","","","","    // run node js-env code - post-init","    /* istanbul ignore next */","    case 'node':","        local.testCase_buildApidoc_default = local.testCase_buildApidoc_default || function (","            options,","            onError","        ) {","        /*","         * this function will test buildApidoc's default handling-behavior-behavior","         */","            options = { modulePathList: module.paths };","            local.buildApidoc(options, onError);","        };","","        local.testCase_buildApp_default = local.testCase_buildApp_default || function (","            options,","            onError","        ) {","        /*","         * this function will test buildApp's default handling-behavior-behavior","         */","            local.testCase_buildReadme_default(options, local.onErrorThrow);","            local.testCase_buildLib_default(options, local.onErrorThrow);","            local.testCase_buildTest_default(options, local.onErrorThrow);","            local.testCase_buildCustomOrg_default(options, local.onErrorThrow);","            options = [];","            local.buildApp(options, onError);","        };","","        local.testCase_buildCustomOrg_default = local.testCase_buildCustomOrg_default ||","            function (options, onError) {","            /*","             * this function will test buildCustomOrg's default handling-behavior","             */","                options = {};","                local.buildCustomOrg(options, onError);","            };","","        local.testCase_buildLib_default = local.testCase_buildLib_default || function (","            options,","            onError","        ) {","        /*","         * this function will test buildLib's default handling-behavior","         */","            options = {};","            local.buildLib(options, onError);","        };","","        local.testCase_buildReadme_default = local.testCase_buildReadme_default || function (","            options,","            onError","        ) {","        /*","         * this function will test buildReadme's default handling-behavior-behavior","         */","            options = {};","            local.buildReadme(options, onError);","        };","","        local.testCase_buildTest_default = local.testCase_buildTest_default || function (","            options,","            onError","        ) {","        /*","         * this function will test buildTest's default handling-behavior","         */","            options = {};","            local.buildTest(options, onError);","        };","","        local.testCase_webpage_default = local.testCase_webpage_default || function (","            options,","            onError","        ) {","        /*","         * this function will test webpage's default handling-behavior","         */","            options = { modeCoverageMerge: true, url: local.serverLocalHost + '?modeTest=1' };","            local.browserTest(options, onError);","        };","","        // run test-server","        local.testRunServer(local);","        break;","    }","}());",""],"l":{"12":2,"14":2,"19":2,"21":2,"23":2,"24":2,"25":2,"30":1,"37":2,"40":2,"43":1,"47":1,"50":1,"52":1,"55":2,"61":2,"62":2,"64":2,"70":1,"76":1,"82":2,"83":2,"85":2,"91":1,"98":1,"102":1,"105":1,"112":1,"119":1,"120":1,"123":1,"130":1,"131":1,"132":1,"133":1,"134":1,"135":1,"138":1,"143":2,"144":2,"147":1,"154":2,"155":2,"158":1,"165":2,"166":2,"169":1,"176":2,"177":2,"180":1,"187":1,"188":1,"192":1,"193":1}},"/home/travis/build/npmtest/node-npmtest-stylint/lib.npmtest_stylint.js":{"path":"/home/travis/build/npmtest/node-npmtest-stylint/lib.npmtest_stylint.js","s":{"1":2,"2":2,"3":2,"4":2,"5":2,"6":2,"7":2,"8":1,"9":2,"10":2,"11":2,"12":2,"13":1,"14":1,"15":1,"16":1},"b":{"1":[2,1,1,1],"2":[1,1,1,1],"3":[1,1],"4":[2,2],"5":[1,1]},"f":{"1":2,"2":2,"3":2},"fnMap":{"1":{"name":"(anonymous_1)","line":12,"loc":{"start":{"line":12,"column":1},"end":{"line":12,"column":13}}},"2":{"name":"(anonymous_2)","line":19,"loc":{"start":{"line":19,"column":5},"end":{"line":19,"column":17}}},"3":{"name":"(anonymous_3)","line":23,"loc":{"start":{"line":23,"column":24},"end":{"line":23,"column":36}}}},"statementMap":{"1":{"start":{"line":12,"column":0},"end":{"line":53,"column":5}},"2":{"start":{"line":14,"column":4},"end":{"line":14,"column":14}},"3":{"start":{"line":19,"column":4},"end":{"line":52,"column":9}},"4":{"start":{"line":21,"column":8},"end":{"line":21,"column":19}},"5":{"start":{"line":23,"column":8},"end":{"line":35,"column":13}},"6":{"start":{"line":24,"column":12},"end":{"line":34,"column":13}},"7":{"start":{"line":25,"column":16},"end":{"line":28,"column":30}},"8":{"start":{"line":30,"column":16},"end":{"line":33,"column":27}},"9":{"start":{"line":37,"column":8},"end":{"line":39,"column":21}},"10":{"start":{"line":41,"column":8},"end":{"line":41,"column":54}},"11":{"start":{"line":43,"column":8},"end":{"line":43,"column":52}},"12":{"start":{"line":45,"column":8},"end":{"line":51,"column":9}},"13":{"start":{"line":46,"column":12},"end":{"line":46,"column":58}},"14":{"start":{"line":48,"column":12},"end":{"line":48,"column":35}},"15":{"start":{"line":49,"column":12},"end":{"line":49,"column":49}},"16":{"start":{"line":50,"column":12},"end":{"line":50,"column":43}}},"branchMap":{"1":{"line":25,"type":"binary-expr","locations":[{"start":{"line":25,"column":23},"end":{"line":25,"column":62}},{"start":{"line":26,"column":20},"end":{"line":26,"column":70}},{"start":{"line":27,"column":20},"end":{"line":27,"column":71}},{"start":{"line":28,"column":20},"end":{"line":28,"column":29}}]},"2":{"line":30,"type":"binary-expr","locations":[{"start":{"line":30,"column":23},"end":{"line":30,"column":37}},{"start":{"line":31,"column":20},"end":{"line":31,"column":61}},{"start":{"line":32,"column":20},"end":{"line":32,"column":70}},{"start":{"line":33,"column":20},"end":{"line":33,"column":26}}]},"3":{"line":37,"type":"cond-expr","locations":[{"start":{"line":38,"column":14},"end":{"line":38,"column":20}},{"start":{"line":39,"column":14},"end":{"line":39,"column":20}}]},"4":{"line":41,"type":"binary-expr","locations":[{"start":{"line":41,"column":16},"end":{"line":41,"column":44}},{"start":{"line":41,"column":48},"end":{"line":41,"column":53}}]},"5":{"line":45,"type":"if","locations":[{"start":{"line":45,"column":8},"end":{"line":45,"column":8}},{"start":{"line":45,"column":8},"end":{"line":45,"column":8}}]}},"code":["/* istanbul instrument in package npmtest_stylint */","/*jslint","    bitwise: true,","    browser: true,","    maxerr: 8,","    maxlen: 96,","    node: true,","    nomen: true,","    regexp: true,","    stupid: true","*/","(function () {","    'use strict';","    var local;","","","","    // run shared js-env code - pre-init","    (function () {","        // init local","        local = {};","        // init modeJs","        local.modeJs = (function () {","            try {","                return typeof navigator.userAgent === 'string' &&","                    typeof document.querySelector('body') === 'object' &&","                    typeof XMLHttpRequest.prototype.open === 'function' &&","                    'browser';","            } catch (errorCaughtBrowser) {","                return module.exports &&","                    typeof process.versions.node === 'string' &&","                    typeof require('http').createServer === 'function' &&","                    'node';","            }","        }());","        // init global","        local.global = local.modeJs === 'browser'","            ? window","            : global;","        // init utility2_rollup","        local = local.global.utility2_rollup || local;","        // init lib","        local.local = local.npmtest_stylint = local;","        // init exports","        if (local.modeJs === 'browser') {","            local.global.utility2_npmtest_stylint = local;","        } else {","            module.exports = local;","            module.exports.__dirname = __dirname;","            module.exports.module = module;","        }","    }());","}());",""],"l":{"12":2,"14":2,"19":2,"21":2,"23":2,"24":2,"25":2,"30":1,"37":2,"41":2,"43":2,"45":2,"46":1,"48":1,"49":1,"50":1}},"/home/travis/build/npmtest/node-npmtest-stylint/example.js":{"path":"/home/travis/build/npmtest/node-npmtest-stylint/example.js","s":{"1":2,"2":2,"3":2,"4":2,"5":2,"6":2,"7":2,"8":1,"9":2,"10":2,"11":2,"12":2,"13":1,"14":2,"15":2,"16":2,"17":2,"18":2,"19":0,"20":2,"21":1,"22":1,"23":1,"24":1,"25":1,"26":0,"27":0,"28":1,"29":1,"30":2,"31":0,"32":0,"33":0,"34":1,"35":2,"36":2,"37":3,"38":3,"39":3,"40":3,"41":0,"42":3,"43":3,"44":3,"45":1,"46":3,"47":1,"48":1,"49":1,"50":1,"51":1,"52":1,"53":1,"54":1,"55":1,"56":1,"57":0,"58":1,"59":6,"60":6,"61":1,"62":2,"63":0,"64":2,"65":1,"66":1,"67":0,"68":0,"69":0,"70":0,"71":0,"72":0,"73":0,"74":0,"75":0,"76":0,"77":0,"78":0,"79":0,"80":0,"81":0,"82":0,"83":0},"b":{"1":[2,1,1,1],"2":[1,1,1,1],"3":[1,1],"4":[2,2],"5":[1,1],"6":[1,1],"7":[2,0],"8":[2,1,1,1,1,1],"9":[0,2,0],"10":[1,1],"11":[2,1,1],"12":[1,0],"13":[0,2],"14":[2,0,0,0,0,0,0],"15":[0,3],"16":[3,0],"17":[1,1],"18":[0,1],"19":[1,2,0,2],"20":[1,0],"21":[1,1],"22":[0,0],"23":[0,0],"24":[0,0],"25":[0,0],"26":[0,0],"27":[0,0],"28":[0,0]},"f":{"1":2,"2":2,"3":2,"4":2,"5":2,"6":2,"7":3,"8":3,"9":3,"10":1,"11":6,"12":0},"fnMap":{"1":{"name":"(anonymous_1)","line":26,"loc":{"start":{"line":26,"column":1},"end":{"line":26,"column":13}}},"2":{"name":"(anonymous_2)","line":33,"loc":{"start":{"line":33,"column":5},"end":{"line":33,"column":17}}},"3":{"name":"(anonymous_3)","line":37,"loc":{"start":{"line":37,"column":24},"end":{"line":37,"column":36}}},"4":{"name":"(anonymous_4)","line":69,"loc":{"start":{"line":69,"column":31},"end":{"line":69,"column":48}},"skip":true},"5":{"name":"(anonymous_5)","line":78,"loc":{"start":{"line":78,"column":26},"end":{"line":78,"column":45}},"skip":true},"6":{"name":"(anonymous_6)","line":123,"loc":{"start":{"line":123,"column":33},"end":{"line":123,"column":48}},"skip":true},"7":{"name":"(anonymous_7)","line":125,"loc":{"start":{"line":125,"column":27},"end":{"line":125,"column":39}},"skip":true},"8":{"name":"(anonymous_8)","line":133,"loc":{"start":{"line":133,"column":59},"end":{"line":133,"column":74}},"skip":true},"9":{"name":"(anonymous_9)","line":143,"loc":{"start":{"line":143,"column":45},"end":{"line":143,"column":62}},"skip":true},"10":{"name":"(anonymous_10)","line":144,"loc":{"start":{"line":144,"column":73},"end":{"line":144,"column":92}},"skip":true},"11":{"name":"(anonymous_11)","line":272,"loc":{"start":{"line":272,"column":51},"end":{"line":272,"column":77}},"skip":true},"12":{"name":"(anonymous_12)","line":315,"loc":{"start":{"line":315,"column":32},"end":{"line":315,"column":61}},"skip":true}},"statementMap":{"1":{"start":{"line":26,"column":0},"end":{"line":326,"column":5}},"2":{"start":{"line":28,"column":4},"end":{"line":28,"column":14}},"3":{"start":{"line":33,"column":4},"end":{"line":60,"column":9}},"4":{"start":{"line":35,"column":8},"end":{"line":35,"column":19}},"5":{"start":{"line":37,"column":8},"end":{"line":49,"column":13}},"6":{"start":{"line":38,"column":12},"end":{"line":48,"column":13}},"7":{"start":{"line":39,"column":16},"end":{"line":42,"column":30}},"8":{"start":{"line":44,"column":16},"end":{"line":47,"column":27}},"9":{"start":{"line":51,"column":8},"end":{"line":53,"column":21}},"10":{"start":{"line":55,"column":8},"end":{"line":57,"column":45}},"11":{"start":{"line":59,"column":8},"end":{"line":59,"column":35}},"12":{"start":{"line":61,"column":4},"end":{"line":325,"column":5}},"13":{"start":{"line":69,"column":8},"end":{"line":121,"column":10},"skip":true},"14":{"start":{"line":70,"column":12},"end":{"line":88,"column":13},"skip":true},"15":{"start":{"line":76,"column":16},"end":{"line":87,"column":19},"skip":true},"16":{"start":{"line":79,"column":20},"end":{"line":86,"column":21},"skip":true},"17":{"start":{"line":82,"column":24},"end":{"line":82,"column":43},"skip":true},"18":{"start":{"line":83,"column":24},"end":{"line":83,"column":30},"skip":true},"19":{"start":{"line":85,"column":24},"end":{"line":85,"column":49},"skip":true},"20":{"start":{"line":89,"column":12},"end":{"line":107,"column":13},"skip":true},"21":{"start":{"line":92,"column":16},"end":{"line":102,"column":17},"skip":true},"22":{"start":{"line":93,"column":20},"end":{"line":93,"column":86},"skip":true},"23":{"start":{"line":94,"column":20},"end":{"line":95,"column":45},"skip":true},"24":{"start":{"line":96,"column":20},"end":{"line":96,"column":42},"skip":true},"25":{"start":{"line":97,"column":20},"end":{"line":97,"column":48},"skip":true},"26":{"start":{"line":100,"column":20},"end":{"line":100,"column":85},"skip":true},"27":{"start":{"line":101,"column":20},"end":{"line":101,"column":96},"skip":true},"28":{"start":{"line":103,"column":16},"end":{"line":103,"column":22},"skip":true},"29":{"start":{"line":106,"column":16},"end":{"line":106,"column":22},"skip":true},"30":{"start":{"line":108,"column":12},"end":{"line":120,"column":13},"skip":true},"31":{"start":{"line":114,"column":16},"end":{"line":119,"column":17},"skip":true},"32":{"start":{"line":116,"column":20},"end":{"line":116,"column":78},"skip":true},"33":{"start":{"line":118,"column":20},"end":{"line":118,"column":47},"skip":true},"34":{"start":{"line":123,"column":8},"end":{"line":141,"column":11},"skip":true},"35":{"start":{"line":124,"column":12},"end":{"line":124,"column":54},"skip":true},"36":{"start":{"line":125,"column":12},"end":{"line":140,"column":14},"skip":true},"37":{"start":{"line":126,"column":16},"end":{"line":126,"column":28},"skip":true},"38":{"start":{"line":127,"column":16},"end":{"line":127,"column":69},"skip":true},"39":{"start":{"line":128,"column":16},"end":{"line":128,"column":75},"skip":true},"40":{"start":{"line":129,"column":16},"end":{"line":131,"column":17},"skip":true},"41":{"start":{"line":130,"column":20},"end":{"line":130,"column":27},"skip":true},"42":{"start":{"line":133,"column":16},"end":{"line":137,"column":36},"skip":true},"43":{"start":{"line":134,"column":20},"end":{"line":136,"column":55},"skip":true},"44":{"start":{"line":139,"column":16},"end":{"line":139,"column":57},"skip":true},"45":{"start":{"line":143,"column":8},"end":{"line":147,"column":11},"skip":true},"46":{"start":{"line":144,"column":12},"end":{"line":146,"column":15},"skip":true},"47":{"start":{"line":145,"column":16},"end":{"line":145,"column":70},"skip":true},"48":{"start":{"line":149,"column":8},"end":{"line":149,"column":31},"skip":true},"49":{"start":{"line":150,"column":8},"end":{"line":150,"column":14},"skip":true},"50":{"start":{"line":158,"column":8},"end":{"line":158,"column":31},"skip":true},"51":{"start":{"line":160,"column":8},"end":{"line":160,"column":33},"skip":true},"52":{"start":{"line":161,"column":8},"end":{"line":161,"column":37},"skip":true},"53":{"start":{"line":162,"column":8},"end":{"line":162,"column":35},"skip":true},"54":{"start":{"line":164,"column":8},"end":{"line":164,"column":50},"skip":true},"55":{"start":{"line":166,"column":8},"end":{"line":256,"column":2},"skip":true},"56":{"start":{"line":258,"column":8},"end":{"line":286,"column":9},"skip":true},"57":{"start":{"line":259,"column":12},"end":{"line":269,"column":14},"skip":true},"58":{"start":{"line":271,"column":12},"end":{"line":285,"column":19},"skip":true},"59":{"start":{"line":274,"column":20},"end":{"line":274,"column":35},"skip":true},"60":{"start":{"line":275,"column":20},"end":{"line":284,"column":21},"skip":true},"61":{"start":{"line":277,"column":24},"end":{"line":277,"column":64},"skip":true},"62":{"start":{"line":279,"column":24},"end":{"line":279,"column":40},"skip":true},"63":{"start":{"line":281,"column":24},"end":{"line":281,"column":40},"skip":true},"64":{"start":{"line":283,"column":24},"end":{"line":283,"column":39},"skip":true},"65":{"start":{"line":288,"column":8},"end":{"line":290,"column":9},"skip":true},"66":{"start":{"line":289,"column":12},"end":{"line":289,"column":18},"skip":true},"67":{"start":{"line":291,"column":8},"end":{"line":293,"column":54},"skip":true},"68":{"start":{"line":296,"column":8},"end":{"line":301,"column":37},"skip":true},"69":{"start":{"line":303,"column":8},"end":{"line":303,"column":82},"skip":true},"70":{"start":{"line":306,"column":8},"end":{"line":308,"column":9},"skip":true},"71":{"start":{"line":307,"column":12},"end":{"line":307,"column":82},"skip":true},"72":{"start":{"line":310,"column":8},"end":{"line":312,"column":9},"skip":true},"73":{"start":{"line":311,"column":12},"end":{"line":311,"column":18},"skip":true},"74":{"start":{"line":313,"column":8},"end":{"line":313,"column":54},"skip":true},"75":{"start":{"line":314,"column":8},"end":{"line":314,"column":69},"skip":true},"76":{"start":{"line":315,"column":8},"end":{"line":323,"column":36},"skip":true},"77":{"start":{"line":316,"column":12},"end":{"line":316,"column":61},"skip":true},"78":{"start":{"line":317,"column":12},"end":{"line":320,"column":13},"skip":true},"79":{"start":{"line":318,"column":16},"end":{"line":318,"column":75},"skip":true},"80":{"start":{"line":319,"column":16},"end":{"line":319,"column":23},"skip":true},"81":{"start":{"line":321,"column":12},"end":{"line":321,"column":38},"skip":true},"82":{"start":{"line":322,"column":12},"end":{"line":322,"column":27},"skip":true},"83":{"start":{"line":324,"column":8},"end":{"line":324,"column":14},"skip":true}},"branchMap":{"1":{"line":39,"type":"binary-expr","locations":[{"start":{"line":39,"column":23},"end":{"line":39,"column":62}},{"start":{"line":40,"column":20},"end":{"line":40,"column":70}},{"start":{"line":41,"column":20},"end":{"line":41,"column":71}},{"start":{"line":42,"column":20},"end":{"line":42,"column":29}}]},"2":{"line":44,"type":"binary-expr","locations":[{"start":{"line":44,"column":23},"end":{"line":44,"column":37}},{"start":{"line":45,"column":20},"end":{"line":45,"column":61}},{"start":{"line":46,"column":20},"end":{"line":46,"column":70}},{"start":{"line":47,"column":20},"end":{"line":47,"column":26}}]},"3":{"line":51,"type":"cond-expr","locations":[{"start":{"line":52,"column":14},"end":{"line":52,"column":20}},{"start":{"line":53,"column":14},"end":{"line":53,"column":20}}]},"4":{"line":55,"type":"binary-expr","locations":[{"start":{"line":55,"column":16},"end":{"line":55,"column":44}},{"start":{"line":55,"column":49},"end":{"line":57,"column":43}}]},"5":{"line":55,"type":"cond-expr","locations":[{"start":{"line":56,"column":14},"end":{"line":56,"column":51}},{"start":{"line":57,"column":14},"end":{"line":57,"column":43}}]},"6":{"line":61,"type":"switch","locations":[{"start":{"line":68,"column":4},"end":{"line":150,"column":14},"skip":true},{"start":{"line":156,"column":4},"end":{"line":324,"column":14},"skip":true}]},"7":{"line":70,"type":"if","locations":[{"start":{"line":70,"column":12},"end":{"line":70,"column":12},"skip":true},{"start":{"line":70,"column":12},"end":{"line":70,"column":12},"skip":true}]},"8":{"line":70,"type":"binary-expr","locations":[{"start":{"line":70,"column":16},"end":{"line":70,"column":22},"skip":true},{"start":{"line":70,"column":27},"end":{"line":70,"column":32},"skip":true},{"start":{"line":71,"column":20},"end":{"line":71,"column":39},"skip":true},{"start":{"line":72,"column":20},"end":{"line":72,"column":49},"skip":true},{"start":{"line":73,"column":20},"end":{"line":73,"column":58},"skip":true},{"start":{"line":74,"column":20},"end":{"line":74,"column":69},"skip":true}]},"9":{"line":79,"type":"switch","locations":[{"start":{"line":80,"column":20},"end":{"line":80,"column":33},"skip":true},{"start":{"line":81,"column":20},"end":{"line":83,"column":30},"skip":true},{"start":{"line":84,"column":20},"end":{"line":85,"column":49},"skip":true}]},"10":{"line":89,"type":"switch","locations":[{"start":{"line":90,"column":12},"end":{"line":103,"column":22},"skip":true},{"start":{"line":105,"column":12},"end":{"line":106,"column":22},"skip":true}]},"11":{"line":89,"type":"binary-expr","locations":[{"start":{"line":89,"column":20},"end":{"line":89,"column":25},"skip":true},{"start":{"line":89,"column":29},"end":{"line":89,"column":48},"skip":true},{"start":{"line":89,"column":52},"end":{"line":89,"column":74},"skip":true}]},"12":{"line":92,"type":"if","locations":[{"start":{"line":92,"column":16},"end":{"line":92,"column":16},"skip":true},{"start":{"line":92,"column":16},"end":{"line":92,"column":16},"skip":true}]},"13":{"line":108,"type":"if","locations":[{"start":{"line":108,"column":12},"end":{"line":108,"column":12},"skip":true},{"start":{"line":108,"column":12},"end":{"line":108,"column":12},"skip":true}]},"14":{"line":108,"type":"binary-expr","locations":[{"start":{"line":108,"column":16},"end":{"line":108,"column":61},"skip":true},{"start":{"line":108,"column":66},"end":{"line":108,"column":72},"skip":true},{"start":{"line":108,"column":77},"end":{"line":108,"column":82},"skip":true},{"start":{"line":109,"column":20},"end":{"line":109,"column":39},"skip":true},{"start":{"line":110,"column":20},"end":{"line":110,"column":49},"skip":true},{"start":{"line":111,"column":20},"end":{"line":111,"column":58},"skip":true},{"start":{"line":112,"column":20},"end":{"line":112,"column":68},"skip":true}]},"15":{"line":129,"type":"if","locations":[{"start":{"line":129,"column":16},"end":{"line":129,"column":16},"skip":true},{"start":{"line":129,"column":16},"end":{"line":129,"column":16},"skip":true}]},"16":{"line":134,"type":"cond-expr","locations":[{"start":{"line":135,"column":26},"end":{"line":135,"column":29},"skip":true},{"start":{"line":136,"column":26},"end":{"line":136,"column":54},"skip":true}]},"17":{"line":164,"type":"binary-expr","locations":[{"start":{"line":164,"column":27},"end":{"line":164,"column":43},"skip":true},{"start":{"line":164,"column":47},"end":{"line":164,"column":49},"skip":true}]},"18":{"line":258,"type":"if","locations":[{"start":{"line":258,"column":8},"end":{"line":258,"column":8},"skip":true},{"start":{"line":258,"column":8},"end":{"line":258,"column":8},"skip":true}]},"19":{"line":275,"type":"switch","locations":[{"start":{"line":276,"column":20},"end":{"line":277,"column":64},"skip":true},{"start":{"line":278,"column":20},"end":{"line":279,"column":40},"skip":true},{"start":{"line":280,"column":20},"end":{"line":281,"column":40},"skip":true},{"start":{"line":282,"column":20},"end":{"line":283,"column":39},"skip":true}]},"20":{"line":288,"type":"if","locations":[{"start":{"line":288,"column":8},"end":{"line":288,"column":8},"skip":true},{"start":{"line":288,"column":8},"end":{"line":288,"column":8},"skip":true}]},"21":{"line":288,"type":"binary-expr","locations":[{"start":{"line":288,"column":12},"end":{"line":288,"column":40},"skip":true},{"start":{"line":288,"column":44},"end":{"line":288,"column":67},"skip":true}]},"22":{"line":292,"type":"binary-expr","locations":[{"start":{"line":292,"column":12},"end":{"line":292,"column":50},"skip":true},{"start":{"line":293,"column":12},"end":{"line":293,"column":53},"skip":true}]},"23":{"line":297,"type":"binary-expr","locations":[{"start":{"line":297,"column":12},"end":{"line":297,"column":65},"skip":true},{"start":{"line":298,"column":12},"end":{"line":301,"column":36},"skip":true}]},"24":{"line":303,"type":"binary-expr","locations":[{"start":{"line":303,"column":43},"end":{"line":303,"column":75},"skip":true},{"start":{"line":303,"column":79},"end":{"line":303,"column":81},"skip":true}]},"25":{"line":306,"type":"if","locations":[{"start":{"line":306,"column":8},"end":{"line":306,"column":8},"skip":true},{"start":{"line":306,"column":8},"end":{"line":306,"column":8},"skip":true}]},"26":{"line":310,"type":"if","locations":[{"start":{"line":310,"column":8},"end":{"line":310,"column":8},"skip":true},{"start":{"line":310,"column":8},"end":{"line":310,"column":8},"skip":true}]},"27":{"line":313,"type":"binary-expr","locations":[{"start":{"line":313,"column":27},"end":{"line":313,"column":43},"skip":true},{"start":{"line":313,"column":47},"end":{"line":313,"column":53},"skip":true}]},"28":{"line":317,"type":"if","locations":[{"start":{"line":317,"column":12},"end":{"line":317,"column":12},"skip":true},{"start":{"line":317,"column":12},"end":{"line":317,"column":12},"skip":true}]}},"code":["/*","example.js","","quickstart example","","instruction","    1. save this script as example.js","    2. run the shell command:","        $ npm install npmtest-stylint && PORT=8081 node example.js","    3. play with the browser-demo on http://127.0.0.1:8081","*/","","","","/* istanbul instrument in package npmtest_stylint */","/*jslint","    bitwise: true,","    browser: true,","    maxerr: 8,","    maxlen: 96,","    node: true,","    nomen: true,","    regexp: true,","    stupid: true","*/","(function () {","    'use strict';","    var local;","","","","    // run shared js-env code - pre-init","    (function () {","        // init local","        local = {};","        // init modeJs","        local.modeJs = (function () {","            try {","                return typeof navigator.userAgent === 'string' &&","                    typeof document.querySelector('body') === 'object' &&","                    typeof XMLHttpRequest.prototype.open === 'function' &&","                    'browser';","            } catch (errorCaughtBrowser) {","                return module.exports &&","                    typeof process.versions.node === 'string' &&","                    typeof require('http').createServer === 'function' &&","                    'node';","            }","        }());","        // init global","        local.global = local.modeJs === 'browser'","            ? window","            : global;","        // init utility2_rollup","        local = local.global.utility2_rollup || (local.modeJs === 'browser'","            ? local.global.utility2_npmtest_stylint","            : global.utility2_moduleExports);","        // export local","        local.global.local = local;","    }());","    switch (local.modeJs) {","","","","    // post-init","    // run browser js-env code - post-init","    /* istanbul ignore next */","    case 'browser':","        local.testRunBrowser = function (event) {","            if (!event || (event &&","                    event.currentTarget &&","                    event.currentTarget.className &&","                    event.currentTarget.className.includes &&","                    event.currentTarget.className.includes('onreset'))) {","                // reset output","                Array.from(","                    document.querySelectorAll('body > .resettable')","                ).forEach(function (element) {","                    switch (element.tagName) {","                    case 'INPUT':","                    case 'TEXTAREA':","                        element.value = '';","                        break;","                    default:","                        element.textContent = '';","                    }","                });","            }","            switch (event && event.currentTarget && event.currentTarget.id) {","            case 'testRunButton1':","                // show tests","                if (document.querySelector('#testReportDiv1').style.display === 'none') {","                    document.querySelector('#testReportDiv1').style.display = 'block';","                    document.querySelector('#testRunButton1').textContent =","                        'hide internal test';","                    local.modeTest = true;","                    local.testRunDefault(local);","                // hide tests","                } else {","                    document.querySelector('#testReportDiv1').style.display = 'none';","                    document.querySelector('#testRunButton1').textContent = 'run internal test';","                }","                break;","            // custom-case","            default:","                break;","            }","            if (document.querySelector('#inputTextareaEval1') && (!event || (event &&","                    event.currentTarget &&","                    event.currentTarget.className &&","                    event.currentTarget.className.includes &&","                    event.currentTarget.className.includes('oneval')))) {","                // try to eval input-code","                try {","                    /*jslint evil: true*/","                    eval(document.querySelector('#inputTextareaEval1').value);","                } catch (errorCaught) {","                    console.error(errorCaught);","                }","            }","        };","        // log stderr and stdout to #outputTextareaStdout1","        ['error', 'log'].forEach(function (key) {","            console[key + '_original'] = console[key];","            console[key] = function () {","                var element;","                console[key + '_original'].apply(console, arguments);","                element = document.querySelector('#outputTextareaStdout1');","                if (!element) {","                    return;","                }","                // append text to #outputTextareaStdout1","                element.value += Array.from(arguments).map(function (arg) {","                    return typeof arg === 'string'","                        ? arg","                        : JSON.stringify(arg, null, 4);","                }).join(' ') + '\\n';","                // scroll textarea to bottom","                element.scrollTop = element.scrollHeight;","            };","        });","        // init event-handling","        ['change', 'click', 'keyup'].forEach(function (event) {","            Array.from(document.querySelectorAll('.on' + event)).forEach(function (element) {","                element.addEventListener(event, local.testRunBrowser);","            });","        });","        // run tests","        local.testRunBrowser();","        break;","","","","    // run node js-env code - post-init","    /* istanbul ignore next */","    case 'node':","        // export local","        module.exports = local;","        // require modules","        local.fs = require('fs');","        local.http = require('http');","        local.url = require('url');","        // init assets","        local.assetsDict = local.assetsDict || {};","        /* jslint-ignore-begin */","        local.assetsDict['/assets.index.template.html'] = '\\","<!doctype html>\\n\\","<html lang=\"en\">\\n\\","<head>\\n\\","<meta charset=\"UTF-8\">\\n\\","<meta name=\"viewport\" content=\"width=device-width, initial-scale=1\">\\n\\","<title>{{env.npm_package_name}} (v{{env.npm_package_version}})</title>\\n\\","<style>\\n\\","/*csslint\\n\\","    box-sizing: false,\\n\\","    universal-selector: false\\n\\","*/\\n\\","* {\\n\\","    box-sizing: border-box;\\n\\","}\\n\\","body {\\n\\","    background: #dde;\\n\\","    font-family: Arial, Helvetica, sans-serif;\\n\\","    margin: 2rem;\\n\\","}\\n\\","body > * {\\n\\","    margin-bottom: 1rem;\\n\\","}\\n\\",".utility2FooterDiv {\\n\\","    margin-top: 20px;\\n\\","    text-align: center;\\n\\","}\\n\\","</style>\\n\\","<style>\\n\\","/*csslint\\n\\","*/\\n\\","textarea {\\n\\","    font-family: monospace;\\n\\","    height: 10rem;\\n\\","    width: 100%;\\n\\","}\\n\\","textarea[readonly] {\\n\\","    background: #ddd;\\n\\","}\\n\\","</style>\\n\\","</head>\\n\\","<body>\\n\\","<!-- utility2-comment\\n\\","<div id=\"ajaxProgressDiv1\" style=\"background: #d00; height: 2px; left: 0; margin: 0; padding: 0; position: fixed; top: 0; transition: background 0.5s, width 1.5s; width: 25%;\"></div>\\n\\","utility2-comment -->\\n\\","<h1>\\n\\","<!-- utility2-comment\\n\\","    <a\\n\\","        {{#if env.npm_package_homepage}}\\n\\","        href=\"{{env.npm_package_homepage}}\"\\n\\","        {{/if env.npm_package_homepage}}\\n\\","        target=\"_blank\"\\n\\","    >\\n\\","utility2-comment -->\\n\\","        {{env.npm_package_name}} (v{{env.npm_package_version}})\\n\\","<!-- utility2-comment\\n\\","    </a>\\n\\","utility2-comment -->\\n\\","</h1>\\n\\","<h3>{{env.npm_package_description}}</h3>\\n\\","<!-- utility2-comment\\n\\","<h4><a download href=\"assets.app.js\">download standalone app</a></h4>\\n\\","<button class=\"onclick onreset\" id=\"testRunButton1\">run internal test</button><br>\\n\\","<div id=\"testReportDiv1\" style=\"display: none;\"></div>\\n\\","utility2-comment -->\\n\\","\\n\\","\\n\\","\\n\\","<label>stderr and stdout</label>\\n\\","<textarea class=\"resettable\" id=\"outputTextareaStdout1\" readonly></textarea>\\n\\","<!-- utility2-comment\\n\\","{{#if isRollup}}\\n\\","<script src=\"assets.app.js\"></script>\\n\\","{{#unless isRollup}}\\n\\","utility2-comment -->\\n\\","<script src=\"assets.utility2.rollup.js\"></script>\\n\\","<script src=\"jsonp.utility2._stateInit?callback=window.utility2._stateInit\"></script>\\n\\","<script src=\"assets.npmtest_stylint.rollup.js\"></script>\\n\\","<script src=\"assets.example.js\"></script>\\n\\","<script src=\"assets.test.js\"></script>\\n\\","<!-- utility2-comment\\n\\","{{/if isRollup}}\\n\\","utility2-comment -->\\n\\","<div class=\"utility2FooterDiv\">\\n\\","    [ this app was created with\\n\\","    <a href=\"https://github.com/kaizhu256/node-utility2\" target=\"_blank\">utility2</a>\\n\\","    ]\\n\\","</div>\\n\\","</body>\\n\\","</html>\\n\\","';","        /* jslint-ignore-end */","        if (local.templateRender) {","            local.assetsDict['/'] = local.templateRender(","                local.assetsDict['/assets.index.template.html'],","                {","                    env: local.objectSetDefault(local.env, {","                        npm_package_description: 'the greatest app in the world!',","                        npm_package_name: 'my-app',","                        npm_package_nameAlias: 'my_app',","                        npm_package_version: '0.0.1'","                    })","                }","            );","        } else {","            local.assetsDict['/'] = local.assetsDict['/assets.index.template.html']","                .replace((/\\{\\{env\\.(\\w+?)\\}\\}/g), function (match0, match1) {","                    // jslint-hack","                    String(match0);","                    switch (match1) {","                    case 'npm_package_description':","                        return 'the greatest app in the world!';","                    case 'npm_package_name':","                        return 'my-app';","                    case 'npm_package_nameAlias':","                        return 'my_app';","                    case 'npm_package_version':","                        return '0.0.1';","                    }","                });","        }","        // run the cli","        if (local.global.utility2_rollup || module !== require.main) {","            break;","        }","        local.assetsDict['/assets.example.js'] =","            local.assetsDict['/assets.example.js'] ||","            local.fs.readFileSync(__filename, 'utf8');","        // bug-workaround - long $npm_package_buildCustomOrg","        /* jslint-ignore-begin */","        local.assetsDict['/assets.npmtest_stylint.rollup.js'] =","            local.assetsDict['/assets.npmtest_stylint.rollup.js'] ||","            local.fs.readFileSync(","                local.npmtest_stylint.__dirname + '/lib.npmtest_stylint.js',","                'utf8'","            ).replace((/^#!/), '//');","        /* jslint-ignore-end */","        local.assetsDict['/favicon.ico'] = local.assetsDict['/favicon.ico'] || '';","        // if $npm_config_timeout_exit exists,","        // then exit this process after $npm_config_timeout_exit ms","        if (Number(process.env.npm_config_timeout_exit)) {","            setTimeout(process.exit, Number(process.env.npm_config_timeout_exit));","        }","        // start server","        if (local.global.utility2_serverHttp1) {","            break;","        }","        process.env.PORT = process.env.PORT || '8081';","        console.error('server starting on port ' + process.env.PORT);","        local.http.createServer(function (request, response) {","            request.urlParsed = local.url.parse(request.url);","            if (local.assetsDict[request.urlParsed.pathname] !== undefined) {","                response.end(local.assetsDict[request.urlParsed.pathname]);","                return;","            }","            response.statusCode = 404;","            response.end();","        }).listen(process.env.PORT);","        break;","    }","}());",""],"l":{"26":2,"28":2,"33":2,"35":2,"37":2,"38":2,"39":2,"44":1,"51":2,"55":2,"59":2,"61":2,"69":1,"70":2,"76":2,"79":2,"82":2,"83":2,"85":1,"89":2,"92":1,"93":1,"94":1,"96":1,"97":1,"100":1,"101":1,"103":1,"106":1,"108":2,"114":1,"116":1,"118":1,"123":1,"124":2,"125":2,"126":3,"127":3,"128":3,"129":3,"130":1,"133":3,"134":3,"139":3,"143":1,"144":3,"145":1,"149":1,"150":1,"158":1,"160":1,"161":1,"162":1,"164":1,"166":1,"258":1,"259":1,"271":1,"274":6,"275":6,"277":1,"279":2,"281":1,"283":2,"288":1,"289":1,"291":1,"296":1,"303":1,"306":1,"307":1,"310":1,"311":1,"313":1,"314":1,"315":1,"316":1,"317":1,"318":1,"319":1,"321":1,"322":1,"324":1}},"/home/travis/build/npmtest/node-npmtest-stylint/node_modules/stylint/index.js":{"path":"/home/travis/build/npmtest/node-npmtest-stylint/node_modules/stylint/index.js","s":{"1":1,"2":1,"3":1,"4":0,"5":0,"6":0,"7":0,"8":0,"9":0,"10":0,"11":0,"12":0,"13":0,"14":0,"15":0,"16":0,"17":0,"18":0,"19":0,"20":1},"b":{"1":[0,0],"2":[0,0],"3":[0,0],"4":[0,0],"5":[0,0,0],"6":[0,0],"7":[0,0]},"f":{"1":0,"2":0,"3":0,"4":0},"fnMap":{"1":{"name":"(anonymous_1)","line":25,"loc":{"start":{"line":25,"column":14},"end":{"line":25,"column":49}}},"2":{"name":"(anonymous_2)","line":30,"loc":{"start":{"line":30,"column":21},"end":{"line":30,"column":32}}},"3":{"name":"(anonymous_3)","line":62,"loc":{"start":{"line":62,"column":15},"end":{"line":62,"column":29}}},"4":{"name":"(anonymous_4)","line":72,"loc":{"start":{"line":72,"column":31},"end":{"line":72,"column":42}}}},"statementMap":{"1":{"start":{"line":4,"column":0},"end":{"line":4,"column":34}},"2":{"start":{"line":5,"column":0},"end":{"line":5,"column":24}},"3":{"start":{"line":25,"column":0},"end":{"line":75,"column":1}},"4":{"start":{"line":26,"column":1},"end":{"line":74,"column":2}},"5":{"start":{"line":31,"column":3},"end":{"line":31,"column":17}},"6":{"start":{"line":32,"column":3},"end":{"line":37,"column":4}},"7":{"start":{"line":33,"column":4},"end":{"line":33,"column":52}},"8":{"start":{"line":40,"column":3},"end":{"line":45,"column":4}},"9":{"start":{"line":41,"column":4},"end":{"line":41,"column":26}},"10":{"start":{"line":43,"column":8},"end":{"line":45,"column":4}},"11":{"start":{"line":44,"column":4},"end":{"line":44,"column":26}},"12":{"start":{"line":51,"column":3},"end":{"line":69,"column":4}},"13":{"start":{"line":54,"column":4},"end":{"line":54,"column":42}},"14":{"start":{"line":57,"column":4},"end":{"line":68,"column":5}},"15":{"start":{"line":58,"column":5},"end":{"line":58,"column":77}},"16":{"start":{"line":59,"column":5},"end":{"line":64,"column":9}},"17":{"start":{"line":63,"column":7},"end":{"line":63,"column":15}},"18":{"start":{"line":71,"column":3},"end":{"line":71,"column":66}},"19":{"start":{"line":72,"column":3},"end":{"line":72,"column":44}},"20":{"start":{"line":77,"column":0},"end":{"line":77,"column":24}}},"branchMap":{"1":{"line":40,"type":"if","locations":[{"start":{"line":40,"column":3},"end":{"line":40,"column":3}},{"start":{"line":40,"column":3},"end":{"line":40,"column":3}}]},"2":{"line":43,"type":"if","locations":[{"start":{"line":43,"column":8},"end":{"line":43,"column":8}},{"start":{"line":43,"column":8},"end":{"line":43,"column":8}}]},"3":{"line":43,"type":"binary-expr","locations":[{"start":{"line":43,"column":13},"end":{"line":43,"column":34}},{"start":{"line":43,"column":38},"end":{"line":43,"column":62}}]},"4":{"line":51,"type":"if","locations":[{"start":{"line":51,"column":3},"end":{"line":51,"column":3}},{"start":{"line":51,"column":3},"end":{"line":51,"column":3}}]},"5":{"line":51,"type":"binary-expr","locations":[{"start":{"line":51,"column":8},"end":{"line":51,"column":20}},{"start":{"line":52,"column":5},"end":{"line":52,"column":45}},{"start":{"line":53,"column":5},"end":{"line":53,"column":39}}]},"6":{"line":71,"type":"cond-expr","locations":[{"start":{"line":71,"column":52},"end":{"line":71,"column":58}},{"start":{"line":71,"column":61},"end":{"line":71,"column":66}}]},"7":{"line":72,"type":"binary-expr","locations":[{"start":{"line":72,"column":19},"end":{"line":72,"column":27}},{"start":{"line":72,"column":31},"end":{"line":72,"column":44}}]}},"code":["'use strict'","","// our stampit modules","var stampit = require( 'stampit' )","var fs = require( 'fs' )","","// let there be light ( * )","// basically, with stampit we take a bunch of different objects","// and methods and compose them into one mega object, the app","// appropriately namespaced, with methods on the prototype,","// and `this` set consistently (ie, available throughout the app)","//","// basic app flow below","// init() -> read() -> parse() -> lint() -> done()","// init() -> watch() -> read() -> parse() -> lint() -> done()","","","/**"," * main stylint kickoff function"," * @param {string} path   [custom path if used programmatically]"," * @param {object} config [config if used programmatically]"," * @param {function} [callback] [a callback called just before exiting the process if not watching]"," * @return {Object} [the composed stylint object]"," */","var Stylint = function( path, config, callback ) {","\treturn stampit().compose(","\t\trequire( './src/core/' ),","\t\trequire( './src/checks/' ),","\t\trequire( './src/state/' ),","\t\tstampit().enclose( function() {","\t\t\tvar pkg = null","\t\t\ttry {","\t\t\t\tpkg = require( process.cwd() + '/package.json' )","\t\t\t}","\t\t\tcatch ( err ) {","\t\t\t\t// no output","\t\t\t}","","\t\t\t// set safe path defaults","\t\t\tif ( typeof path === 'undefined' ) {","\t\t\t\tthis.state.path = './'","\t\t\t}","\t\t\telse if ( path instanceof Array || typeof path === 'string' ) {","\t\t\t\tthis.state.path = path","\t\t\t}","","\t\t\t// look for a stylintignore array","\t\t\t// for ignoring specific files","\t\t\t// first look in package.json","\t\t\t// then look for .stylintignore in the main dir","\t\t\tif ( pkg !== null &&","\t\t\t\t\ttypeof pkg.stylintignore !== 'undefined' &&","\t\t\t\t\tpkg.stylintignore instanceof Array ) {","\t\t\t\tthis.state.exclude = pkg.stylintignore","\t\t\t}","\t\t\telse {","\t\t\t\ttry {","\t\t\t\t\tvar stylintIgnore = fs.readFileSync( process.cwd() + '/.stylintignore' )","\t\t\t\t\tthis.state.exclude = stylintIgnore","\t\t\t\t\t\t.toString()","\t\t\t\t\t\t.split( '\\n' )","\t\t\t\t\t\t.filter( function( d ) {","\t\t\t\t\t\t\treturn d","\t\t\t\t\t\t} )","\t\t\t\t}","\t\t\t\tcatch ( err ) {","\t\t\t\t\t// do no-thing","\t\t\t\t}","\t\t\t}","","\t\t\tthis.customConfig = typeof config === 'object' ? config : false","\t\t\tthis.callback = callback || function() {}","\t\t} ).enclose( require( './src/core/init' ) )","\t)","}","","module.exports = Stylint",""],"l":{"4":1,"5":1,"25":1,"26":0,"31":0,"32":0,"33":0,"40":0,"41":0,"43":0,"44":0,"51":0,"54":0,"57":0,"58":0,"59":0,"63":0,"71":0,"72":0,"77":1}},"/home/travis/build/npmtest/node-npmtest-stylint/node_modules/stylint/src/checks/blocks.js":{"path":"/home/travis/build/npmtest/node-npmtest-stylint/node_modules/stylint/src/checks/blocks.js","s":{"1":1,"2":1,"3":0,"4":0,"5":0,"6":0,"7":0,"8":0,"9":0,"10":0,"11":0,"12":0,"13":0,"14":0,"15":0,"16":1},"b":{"1":[0,0],"2":[0,0],"3":[0,0],"4":[0,0],"5":[0,0],"6":[0,0],"7":[0,0],"8":[0,0]},"f":{"1":0},"fnMap":{"1":{"name":"(anonymous_1)","line":11,"loc":{"start":{"line":11,"column":13},"end":{"line":11,"column":30}}}},"statementMap":{"1":{"start":{"line":3,"column":0},"end":{"line":3,"column":23}},"2":{"start":{"line":11,"column":0},"end":{"line":33,"column":1}},"3":{"start":{"line":12,"column":1},"end":{"line":12,"column":45}},"4":{"start":{"line":12,"column":37},"end":{"line":12,"column":44}},"5":{"start":{"line":14,"column":1},"end":{"line":14,"column":10}},"6":{"start":{"line":15,"column":1},"end":{"line":15,"column":37}},"7":{"start":{"line":18,"column":1},"end":{"line":23,"column":2}},"8":{"start":{"line":19,"column":2},"end":{"line":19,"column":15}},"9":{"start":{"line":21,"column":6},"end":{"line":23,"column":2}},"10":{"start":{"line":22,"column":2},"end":{"line":22,"column":14}},"11":{"start":{"line":25,"column":1},"end":{"line":30,"column":2}},"12":{"start":{"line":26,"column":2},"end":{"line":26,"column":64}},"13":{"start":{"line":28,"column":6},"end":{"line":30,"column":2}},"14":{"start":{"line":29,"column":2},"end":{"line":29,"column":44}},"15":{"start":{"line":32,"column":1},"end":{"line":32,"column":13}},"16":{"start":{"line":35,"column":0},"end":{"line":35,"column":23}}},"branchMap":{"1":{"line":12,"type":"if","locations":[{"start":{"line":12,"column":1},"end":{"line":12,"column":1}},{"start":{"line":12,"column":1},"end":{"line":12,"column":1}}]},"2":{"line":18,"type":"if","locations":[{"start":{"line":18,"column":1},"end":{"line":18,"column":1}},{"start":{"line":18,"column":1},"end":{"line":18,"column":1}}]},"3":{"line":18,"type":"binary-expr","locations":[{"start":{"line":18,"column":6},"end":{"line":18,"column":18}},{"start":{"line":18,"column":22},"end":{"line":18,"column":42}}]},"4":{"line":21,"type":"if","locations":[{"start":{"line":21,"column":6},"end":{"line":21,"column":6}},{"start":{"line":21,"column":6},"end":{"line":21,"column":6}}]},"5":{"line":25,"type":"if","locations":[{"start":{"line":25,"column":1},"end":{"line":25,"column":1}},{"start":{"line":25,"column":1},"end":{"line":25,"column":1}}]},"6":{"line":25,"type":"binary-expr","locations":[{"start":{"line":25,"column":6},"end":{"line":25,"column":34}},{"start":{"line":25,"column":38},"end":{"line":25,"column":53}}]},"7":{"line":28,"type":"if","locations":[{"start":{"line":28,"column":6},"end":{"line":28,"column":6}},{"start":{"line":28,"column":6},"end":{"line":28,"column":6}}]},"8":{"line":28,"type":"binary-expr","locations":[{"start":{"line":28,"column":11},"end":{"line":28,"column":38}},{"start":{"line":28,"column":42},"end":{"line":28,"column":56}}]}},"code":["'use strict'","","var eqEndRe = /=$|=\\s$/","","","/**"," * @description depending on settings, enforce of disallow @block when defining block vars"," * @param {string} [line] curr line being linted"," * @returns {boolean | undefined} true if @block found, false if not, undefined if we skip"," */","var blocks = function( line ) {","\tif ( line.indexOf( '=' ) === -1 ) { return }","","\tvar block","\tvar index = line.indexOf( '@block' )","","\t// if = ends the line and not a block var or hash","\tif ( index === -1 && eqEndRe.test( line ) ) {","\t\tblock = false","\t}","\telse if ( index !== -1 ) {","\t\tblock = true","\t}","","\tif ( this.state.conf === 'always' && block === false ) {","\t\tthis.msg( 'block variables must include @block', line.length )","\t}","\telse if ( this.state.conf === 'never' && block === true ) {","\t\tthis.msg( '@block is not allowed', index )","\t}","","\treturn block","}","","module.exports = blocks",""],"l":{"3":1,"11":1,"12":0,"14":0,"15":0,"18":0,"19":0,"21":0,"22":0,"25":0,"26":0,"28":0,"29":0,"32":0,"35":1}},"/home/travis/build/npmtest/node-npmtest-stylint/node_modules/stylint/src/checks/brackets.js":{"path":"/home/travis/build/npmtest/node-npmtest-stylint/node_modules/stylint/src/checks/brackets.js","s":{"1":1,"2":1,"3":1,"4":1,"5":1,"6":0,"7":0,"8":0,"9":0,"10":0,"11":0,"12":0,"13":0,"14":0,"15":0,"16":0,"17":0,"18":0,"19":0,"20":0,"21":0,"22":0,"23":0,"24":0,"25":0,"26":0,"27":0,"28":0,"29":0,"30":0,"31":0,"32":0,"33":0,"34":0,"35":0,"36":0,"37":0,"38":0,"39":1},"b":{"1":[0,0],"2":[0,0,0,0],"3":[0,0],"4":[0,0],"5":[0,0,0],"6":[0,0],"7":[0,0],"8":[0,0],"9":[0,0],"10":[0,0],"11":[0,0],"12":[0,0],"13":[0,0,0],"14":[0,0],"15":[0,0],"16":[0,0],"17":[0,0],"18":[0,0],"19":[0,0],"20":[0,0]},"f":{"1":0,"2":0,"3":0},"fnMap":{"1":{"name":"(anonymous_1)","line":14,"loc":{"start":{"line":14,"column":15},"end":{"line":14,"column":32}}},"2":{"name":"(anonymous_2)","line":53,"loc":{"start":{"line":53,"column":32},"end":{"line":53,"column":48}}},"3":{"name":"(anonymous_3)","line":57,"loc":{"start":{"line":57,"column":48},"end":{"line":57,"column":66}}}},"statementMap":{"1":{"start":{"line":3,"column":0},"end":{"line":3,"column":93}},"2":{"start":{"line":4,"column":0},"end":{"line":4,"column":39}},"3":{"start":{"line":5,"column":0},"end":{"line":5,"column":33}},"4":{"start":{"line":6,"column":0},"end":{"line":6,"column":47}},"5":{"start":{"line":14,"column":0},"end":{"line":85,"column":1}},"6":{"start":{"line":20,"column":1},"end":{"line":25,"column":2}},"7":{"start":{"line":24,"column":2},"end":{"line":24,"column":8}},"8":{"start":{"line":27,"column":1},"end":{"line":27,"column":19}},"9":{"start":{"line":28,"column":1},"end":{"line":28,"column":18}},"10":{"start":{"line":29,"column":1},"end":{"line":29,"column":20}},"11":{"start":{"line":30,"column":1},"end":{"line":30,"column":20}},"12":{"start":{"line":32,"column":1},"end":{"line":75,"column":2}},"13":{"start":{"line":34,"column":2},"end":{"line":43,"column":3}},"14":{"start":{"line":37,"column":3},"end":{"line":37,"column":17}},"15":{"start":{"line":41,"column":7},"end":{"line":43,"column":3}},"16":{"start":{"line":42,"column":3},"end":{"line":42,"column":17}},"17":{"start":{"line":45,"column":6},"end":{"line":75,"column":2}},"18":{"start":{"line":47,"column":2},"end":{"line":74,"column":3}},"19":{"start":{"line":48,"column":3},"end":{"line":48,"column":61}},"20":{"start":{"line":50,"column":3},"end":{"line":60,"column":4}},"21":{"start":{"line":51,"column":4},"end":{"line":51,"column":49}},"22":{"start":{"line":53,"column":4},"end":{"line":55,"column":20}},"23":{"start":{"line":54,"column":5},"end":{"line":54,"column":72}},"24":{"start":{"line":57,"column":4},"end":{"line":59,"column":7}},"25":{"start":{"line":58,"column":5},"end":{"line":58,"column":28}},"26":{"start":{"line":63,"column":3},"end":{"line":63,"column":74}},"27":{"start":{"line":63,"column":66},"end":{"line":63,"column":73}},"28":{"start":{"line":65,"column":3},"end":{"line":73,"column":4}},"29":{"start":{"line":66,"column":4},"end":{"line":66,"column":18}},"30":{"start":{"line":67,"column":4},"end":{"line":67,"column":33}},"31":{"start":{"line":70,"column":8},"end":{"line":73,"column":4}},"32":{"start":{"line":71,"column":4},"end":{"line":71,"column":18}},"33":{"start":{"line":72,"column":4},"end":{"line":72,"column":34}},"34":{"start":{"line":77,"column":1},"end":{"line":82,"column":2}},"35":{"start":{"line":78,"column":2},"end":{"line":78,"column":56}},"36":{"start":{"line":80,"column":6},"end":{"line":82,"column":2}},"37":{"start":{"line":81,"column":2},"end":{"line":81,"column":72}},"38":{"start":{"line":84,"column":1},"end":{"line":84,"column":15}},"39":{"start":{"line":87,"column":0},"end":{"line":87,"column":25}}},"branchMap":{"1":{"line":20,"type":"if","locations":[{"start":{"line":20,"column":1},"end":{"line":20,"column":1}},{"start":{"line":20,"column":1},"end":{"line":20,"column":1}}]},"2":{"line":20,"type":"binary-expr","locations":[{"start":{"line":20,"column":6},"end":{"line":20,"column":26}},{"start":{"line":21,"column":2},"end":{"line":21,"column":26}},{"start":{"line":22,"column":2},"end":{"line":22,"column":23}},{"start":{"line":23,"column":2},"end":{"line":23,"column":23}}]},"3":{"line":32,"type":"if","locations":[{"start":{"line":32,"column":1},"end":{"line":32,"column":1}},{"start":{"line":32,"column":1},"end":{"line":32,"column":1}}]},"4":{"line":34,"type":"if","locations":[{"start":{"line":34,"column":2},"end":{"line":34,"column":2}},{"start":{"line":34,"column":2},"end":{"line":34,"column":2}}]},"5":{"line":34,"type":"binary-expr","locations":[{"start":{"line":34,"column":7},"end":{"line":34,"column":33}},{"start":{"line":35,"column":3},"end":{"line":35,"column":29}},{"start":{"line":36,"column":3},"end":{"line":36,"column":29}}]},"6":{"line":41,"type":"if","locations":[{"start":{"line":41,"column":7},"end":{"line":41,"column":7}},{"start":{"line":41,"column":7},"end":{"line":41,"column":7}}]},"7":{"line":41,"type":"binary-expr","locations":[{"start":{"line":41,"column":12},"end":{"line":41,"column":38}},{"start":{"line":41,"column":42},"end":{"line":41,"column":68}}]},"8":{"line":45,"type":"if","locations":[{"start":{"line":45,"column":6},"end":{"line":45,"column":6}},{"start":{"line":45,"column":6},"end":{"line":45,"column":6}}]},"9":{"line":47,"type":"if","locations":[{"start":{"line":47,"column":2},"end":{"line":47,"column":2}},{"start":{"line":47,"column":2},"end":{"line":47,"column":2}}]},"10":{"line":50,"type":"if","locations":[{"start":{"line":50,"column":3},"end":{"line":50,"column":3}},{"start":{"line":50,"column":3},"end":{"line":50,"column":3}}]},"11":{"line":54,"type":"binary-expr","locations":[{"start":{"line":54,"column":12},"end":{"line":54,"column":26}},{"start":{"line":54,"column":30},"end":{"line":54,"column":72}}]},"12":{"line":63,"type":"if","locations":[{"start":{"line":63,"column":3},"end":{"line":63,"column":3}},{"start":{"line":63,"column":3},"end":{"line":63,"column":3}}]},"13":{"line":63,"type":"binary-expr","locations":[{"start":{"line":63,"column":8},"end":{"line":63,"column":41}},{"start":{"line":63,"column":45},"end":{"line":63,"column":50}},{"start":{"line":63,"column":54},"end":{"line":63,"column":61}}]},"14":{"line":65,"type":"if","locations":[{"start":{"line":65,"column":3},"end":{"line":65,"column":3}},{"start":{"line":65,"column":3},"end":{"line":65,"column":3}}]},"15":{"line":70,"type":"if","locations":[{"start":{"line":70,"column":8},"end":{"line":70,"column":8}},{"start":{"line":70,"column":8},"end":{"line":70,"column":8}}]},"16":{"line":70,"type":"binary-expr","locations":[{"start":{"line":70,"column":13},"end":{"line":70,"column":39}},{"start":{"line":70,"column":43},"end":{"line":70,"column":65}}]},"17":{"line":77,"type":"if","locations":[{"start":{"line":77,"column":1},"end":{"line":77,"column":1}},{"start":{"line":77,"column":1},"end":{"line":77,"column":1}}]},"18":{"line":77,"type":"binary-expr","locations":[{"start":{"line":77,"column":6},"end":{"line":77,"column":33}},{"start":{"line":77,"column":37},"end":{"line":77,"column":53}}]},"19":{"line":80,"type":"if","locations":[{"start":{"line":80,"column":6},"end":{"line":80,"column":6}},{"start":{"line":80,"column":6},"end":{"line":80,"column":6}}]},"20":{"line":80,"type":"binary-expr","locations":[{"start":{"line":80,"column":11},"end":{"line":80,"column":39}},{"start":{"line":80,"column":43},"end":{"line":80,"column":60}}]}},"code":["'use strict'","","var ignoreRe = /\\(.*\\)|@extend|\\(|if|for(?!\\w)|else|return|@block|@media|@import|@require|,$/","var stripRe = /(?=\\S)\\[\\S+\\]|(\\.|#)\\w+/","var equalsRe = /( =|\\?=|\\+=|-=)+/","var validJSON = require( '../data/valid.json' )","","","/**"," * @description check for brackets"," * @param {string} [line] curr line being linted"," * @returns {boolean} true if bracket found, false if not"," */","var brackets = function( line ) {","\t// in order if:","\t// 1 in hash or css block","\t// 2 variable or hash or block","\t// 3 mixin","\t// 4 .selector,","\tif ( this.state.hashOrCSS ||","\t\tline.trim().length === 0 ||","\t\tequalsRe.test( line ) ||","\t\tignoreRe.test( line ) ) {","\t\treturn","\t}","","\tvar arr = ['hint']","\tvar isCSS = false","\tvar isMixin = false","\tvar bracket = false","","\tif ( this.state.conf === 'never' ) {","\t\t// ex: $hash = { is ok but .class = { is not","\t\tif ( line.indexOf( '{' ) !== -1 &&","\t\t\tline.indexOf( '=' ) === -1 &&","\t\t\tline.indexOf( '}' ) === -1 ) {","\t\t\tbracket = true","\t\t}","\t\t// ex: } is okay if ending a hash. otherwise it is NOT okay","\t\t// one liners are lame but ok ( check for = { )","\t\telse if ( line.indexOf( '}' ) !== -1 && line.indexOf( '{' ) === -1 ) {","\t\t\tbracket = true","\t\t}","\t}","\telse if ( this.state.conf === 'always' ) {","","\t\tif ( bracket === false ) {","\t\t\tarr = this.splitAndStrip( new RegExp( /[\\s\\t,:]/ ), line )","","\t\t\tif ( typeof arr[0] !== 'undefined' ) {","\t\t\t\tarr[0] = arr[0].replace( stripRe, '' ).trim()","","\t\t\t\tisCSS = validJSON.css.some( function( css ) {","\t\t\t\t\treturn arr[0] === css || this.checkPrefix( arr[0], css, validJSON )","\t\t\t\t}.bind( this ) )","","\t\t\t\tisMixin = this.cache.customProperties.some( function( mixin ) {","\t\t\t\t\treturn arr[0] === mixin","\t\t\t\t} )","\t\t\t}","","\t\t\t// basically, we don't care about properties like margin or padding","\t\t\tif ( line.trim().indexOf( '}' ) !== -1 || isCSS || isMixin ) { return }","","\t\t\tif ( line.indexOf( '{' ) !== -1 ) {","\t\t\t\tbracket = true","\t\t\t\tthis.state.openBracket = true","\t\t\t}","\t\t\t// ex: } is okay if ending a hash. otherwise it is NOT okay","\t\t\telse if ( line.indexOf( '}' ) !== -1 && this.state.openBracket ) {","\t\t\t\tbracket = true","\t\t\t\tthis.state.openBracket = false","\t\t\t}","\t\t}","\t}","","\tif ( this.state.conf === 'never' && bracket === true ) {","\t\tthis.msg( 'unnecessary bracket', line.indexOf( '{' ) )","\t}","\telse if ( this.state.conf === 'always' && bracket === false ) {","\t\tthis.msg( 'always use brackets when defining selectors', line.length )","\t}","","\treturn bracket","}","","module.exports = brackets",""],"l":{"3":1,"4":1,"5":1,"6":1,"14":1,"20":0,"24":0,"27":0,"28":0,"29":0,"30":0,"32":0,"34":0,"37":0,"41":0,"42":0,"45":0,"47":0,"48":0,"50":0,"51":0,"53":0,"54":0,"57":0,"58":0,"63":0,"65":0,"66":0,"67":0,"70":0,"71":0,"72":0,"77":0,"78":0,"80":0,"81":0,"84":0,"87":1}},"/home/travis/build/npmtest/node-npmtest-stylint/node_modules/stylint/src/checks/colons.js":{"path":"/home/travis/build/npmtest/node-npmtest-stylint/node_modules/stylint/src/checks/colons.js","s":{"1":1,"2":1,"3":1,"4":0,"5":0,"6":0,"7":0,"8":0,"9":0,"10":0,"11":0,"12":0,"13":0,"14":0,"15":0,"16":0,"17":0,"18":0,"19":0,"20":0,"21":0,"22":0,"23":0,"24":1},"b":{"1":[0,0],"2":[0,0],"3":[0,0],"4":[0,0,0,0],"5":[0,0],"6":[0,0,0],"7":[0,0],"8":[0,0],"9":[0,0],"10":[0,0],"11":[0,0],"12":[0,0]},"f":{"1":0,"2":0,"3":0},"fnMap":{"1":{"name":"(anonymous_1)","line":13,"loc":{"start":{"line":13,"column":13},"end":{"line":13,"column":30}}},"2":{"name":"(anonymous_2)","line":33,"loc":{"start":{"line":33,"column":37},"end":{"line":33,"column":53}}},"3":{"name":"(anonymous_3)","line":38,"loc":{"start":{"line":38,"column":35},"end":{"line":38,"column":51}}}},"statementMap":{"1":{"start":{"line":3,"column":0},"end":{"line":3,"column":47}},"2":{"start":{"line":5,"column":0},"end":{"line":5,"column":150}},"3":{"start":{"line":13,"column":0},"end":{"line":55,"column":1}},"4":{"start":{"line":14,"column":1},"end":{"line":14,"column":68}},"5":{"start":{"line":14,"column":60},"end":{"line":14,"column":67}},"6":{"start":{"line":16,"column":1},"end":{"line":16,"column":10}},"7":{"start":{"line":17,"column":1},"end":{"line":17,"column":22}},"8":{"start":{"line":18,"column":1},"end":{"line":18,"column":21}},"9":{"start":{"line":19,"column":1},"end":{"line":19,"column":57}},"10":{"start":{"line":21,"column":1},"end":{"line":45,"column":2}},"11":{"start":{"line":25,"column":2},"end":{"line":25,"column":15}},"12":{"start":{"line":28,"column":6},"end":{"line":45,"column":2}},"13":{"start":{"line":33,"column":2},"end":{"line":35,"column":5}},"14":{"start":{"line":34,"column":3},"end":{"line":34,"column":36}},"15":{"start":{"line":38,"column":2},"end":{"line":40,"column":5}},"16":{"start":{"line":39,"column":3},"end":{"line":39,"column":36}},"17":{"start":{"line":42,"column":2},"end":{"line":44,"column":3}},"18":{"start":{"line":43,"column":3},"end":{"line":43,"column":15}},"19":{"start":{"line":47,"column":1},"end":{"line":52,"column":2}},"20":{"start":{"line":48,"column":2},"end":{"line":48,"column":71}},"21":{"start":{"line":50,"column":6},"end":{"line":52,"column":2}},"22":{"start":{"line":51,"column":2},"end":{"line":51,"column":60}},"23":{"start":{"line":54,"column":1},"end":{"line":54,"column":13}},"24":{"start":{"line":57,"column":0},"end":{"line":57,"column":23}}},"branchMap":{"1":{"line":14,"type":"if","locations":[{"start":{"line":14,"column":1},"end":{"line":14,"column":1}},{"start":{"line":14,"column":1},"end":{"line":14,"column":1}}]},"2":{"line":14,"type":"binary-expr","locations":[{"start":{"line":14,"column":6},"end":{"line":14,"column":27}},{"start":{"line":14,"column":31},"end":{"line":14,"column":55}}]},"3":{"line":21,"type":"if","locations":[{"start":{"line":21,"column":1},"end":{"line":21,"column":1}},{"start":{"line":21,"column":1},"end":{"line":21,"column":1}}]},"4":{"line":21,"type":"binary-expr","locations":[{"start":{"line":21,"column":6},"end":{"line":21,"column":34}},{"start":{"line":22,"column":2},"end":{"line":22,"column":16}},{"start":{"line":23,"column":2},"end":{"line":23,"column":30}},{"start":{"line":24,"column":2},"end":{"line":24,"column":30}}]},"5":{"line":28,"type":"if","locations":[{"start":{"line":28,"column":6},"end":{"line":28,"column":6}},{"start":{"line":28,"column":6},"end":{"line":28,"column":6}}]},"6":{"line":28,"type":"binary-expr","locations":[{"start":{"line":28,"column":11},"end":{"line":28,"column":27}},{"start":{"line":29,"column":2},"end":{"line":29,"column":29}},{"start":{"line":30,"column":2},"end":{"line":30,"column":28}}]},"7":{"line":42,"type":"if","locations":[{"start":{"line":42,"column":2},"end":{"line":42,"column":2}},{"start":{"line":42,"column":2},"end":{"line":42,"column":2}}]},"8":{"line":42,"type":"binary-expr","locations":[{"start":{"line":42,"column":7},"end":{"line":42,"column":17}},{"start":{"line":42,"column":21},"end":{"line":42,"column":30}}]},"9":{"line":47,"type":"if","locations":[{"start":{"line":47,"column":1},"end":{"line":47,"column":1}},{"start":{"line":47,"column":1},"end":{"line":47,"column":1}}]},"10":{"line":47,"type":"binary-expr","locations":[{"start":{"line":47,"column":6},"end":{"line":47,"column":34}},{"start":{"line":47,"column":38},"end":{"line":47,"column":53}}]},"11":{"line":50,"type":"if","locations":[{"start":{"line":50,"column":6},"end":{"line":50,"column":6}},{"start":{"line":50,"column":6},"end":{"line":50,"column":6}}]},"12":{"line":50,"type":"binary-expr","locations":[{"start":{"line":50,"column":11},"end":{"line":50,"column":38}},{"start":{"line":50,"column":42},"end":{"line":50,"column":56}}]}},"code":["'use strict'","","var validJSON = require( '../data/valid.json' )","// we only want to check colons on properties/values","var ignoreRe = /( ^[&$=#>.]|\\.[a-zA-Z]|#[a-zA-Z]| \\+ | , | = | ~ | > | &| {|}|\\(|if|for(?!\\w)|else|return|@block|@media|@import|@extend|@require|,$)/m","","","/**"," * @description check for colons"," * @param {string} [line] curr line being linted"," * @returns {boolean} true if colon found, false if not"," */","var colons = function( line ) {","\tif ( ignoreRe.test( line ) || this.state.context === 0 ) { return }","","\tvar colon","\tvar hasPseudo = false","\tvar hasScope = false","\tvar arr = this.splitAndStrip( new RegExp( /\\s/ ), line )","","\tif ( this.state.conf === 'always' &&","\t\tarr.length > 1 &&","\t\tarr[0].indexOf( ':' ) === -1 &&","\t\tarr[0].indexOf( ',' ) === -1 ) {","\t\tcolon = false","\t}","\t// : is allowed in hashes","\telse if ( !this.state.hash &&","\t\tthis.state.conf === 'never' &&","\t\tline.indexOf( ':' ) !== -1 ) {","","\t\t// check for pseudo selector","\t\thasPseudo = validJSON.pseudo.some( function( val ) {","\t\t\treturn line.indexOf( val ) !== -1","\t\t} )","","\t\t// check for scope selector","\t\thasScope = validJSON.scope.some( function( val ) {","\t\t\treturn line.indexOf( val ) !== -1","\t\t} )","","\t\tif ( !hasPseudo && !hasScope ) {","\t\t\tcolon = true","\t\t}","\t}","","\tif ( this.state.conf === 'always' && colon === false ) {","\t\tthis.msg( 'missing colon between property and value', arr[0].length )","\t}","\telse if ( this.state.conf === 'never' && colon === true ) {","\t\tthis.msg( 'unnecessary colon found', line.indexOf( ':' ) )","\t}","","\treturn colon","}","","module.exports = colons",""],"l":{"3":1,"5":1,"13":1,"14":0,"16":0,"17":0,"18":0,"19":0,"21":0,"25":0,"28":0,"33":0,"34":0,"38":0,"39":0,"42":0,"43":0,"47":0,"48":0,"50":0,"51":0,"54":0,"57":1}},"/home/travis/build/npmtest/node-npmtest-stylint/node_modules/stylint/src/checks/colors.js":{"path":"/home/travis/build/npmtest/node-npmtest-stylint/node_modules/stylint/src/checks/colors.js","s":{"1":1,"2":1,"3":1,"4":0,"5":0,"6":0,"7":0,"8":0,"9":0,"10":0,"11":0,"12":0,"13":1},"b":{"1":[0,0],"2":[0,0],"3":[0,0],"4":[0,0]},"f":{"1":0},"fnMap":{"1":{"name":"(anonymous_1)","line":12,"loc":{"start":{"line":12,"column":13},"end":{"line":12,"column":30}}}},"statementMap":{"1":{"start":{"line":3,"column":0},"end":{"line":3,"column":37}},"2":{"start":{"line":4,"column":0},"end":{"line":4,"column":32}},"3":{"start":{"line":12,"column":0},"end":{"line":28,"column":1}},"4":{"start":{"line":13,"column":1},"end":{"line":13,"column":59}},"5":{"start":{"line":13,"column":51},"end":{"line":13,"column":58}},"6":{"start":{"line":15,"column":1},"end":{"line":15,"column":16}},"7":{"start":{"line":16,"column":1},"end":{"line":16,"column":31}},"8":{"start":{"line":19,"column":1},"end":{"line":21,"column":2}},"9":{"start":{"line":20,"column":2},"end":{"line":20,"column":12}},"10":{"start":{"line":23,"column":1},"end":{"line":25,"column":2}},"11":{"start":{"line":24,"column":2},"end":{"line":24,"column":67}},"12":{"start":{"line":27,"column":1},"end":{"line":27,"column":11}},"13":{"start":{"line":30,"column":0},"end":{"line":30,"column":23}}},"branchMap":{"1":{"line":13,"type":"if","locations":[{"start":{"line":13,"column":1},"end":{"line":13,"column":1}},{"start":{"line":13,"column":1},"end":{"line":13,"column":1}}]},"2":{"line":13,"type":"binary-expr","locations":[{"start":{"line":13,"column":6},"end":{"line":13,"column":27}},{"start":{"line":13,"column":31},"end":{"line":13,"column":46}}]},"3":{"line":19,"type":"if","locations":[{"start":{"line":19,"column":1},"end":{"line":19,"column":1}},{"start":{"line":19,"column":1},"end":{"line":19,"column":1}}]},"4":{"line":23,"type":"if","locations":[{"start":{"line":23,"column":1},"end":{"line":23,"column":1}},{"start":{"line":23,"column":1},"end":{"line":23,"column":1}}]}},"code":["'use strict'","","var hexRe = /#(?:[0-9a-f]{3}){1,2}/im","var ignoreRe = /^\\s*(?:#|.*=.*)/","","","/**"," * @description if we disallowed hex colors, check for them and return true if found"," * @param {string} [line] curr line being linted"," * @returns {boolean} true if hex color found, false if not"," */","var colors = function( line ) {","\tif ( ignoreRe.test( line ) || this.state.root ) { return }","","\tvar hex = false","\tvar match = hexRe.exec( line )","","\t// so basically if we're using #hex colors outside of a var declaration","\tif ( match !== null ) {","\t\thex = true","\t}","","\tif ( hex === true ) {","\t\tthis.msg( 'hexidecimal color should be a variable', match.index )","\t}","","\treturn hex","}","","module.exports = colors"
[...]
,"17":0,"18":0,"19":0,"21":0,"22":0,"26":1}},"/home/travis/build/npmtest/node-npmtest-stylint/node_modules/stylint/src/utils/setConfig.js":{"path":"/home/travis/build/npmtest/node-npmtest-stylint/node_modules/stylint/src/utils/setConfig.js","s":{"1":1,"2":1,"3":1,"4":1,"5":1,"6":1,"7":1,"8":0,"9":0,"10":0,"11":0,"12":0,"13":0,"14":0,"15":0,"16":0,"17":0,"18":0,"19":0,"20":0,"21":0,"22":0,"23":0,"24":0,"25":0,"26":0,"27":0,"28":0,"29":0,"30":0,"31":0,"32":0,"33":0,"34":0,"35":0,"36":0,"37":0,"38":0,"39":0,"40":0,"41":0,"42":0,"43":0,"44":0,"45":0,"46":0,"47":0,"48":0,"49":0,"50":0,"51":0,"52":1},"b":{"1":[0,0],"2":[0,0],"3":[0,0],"4":[0,0],"5":[0,0],"6":[0,0],"7":[0,0],"8":[0,0],"9":[0,0],"10":[0,0],"11":[0,0],"12":[0,0],"13":[0,0]},"f":{"1":0,"2":0,"3":0,"4":0},"fnMap":{"1":{"name":"(anonymous_1)","line":24,"loc":{"start":{"line":24,"column":16},"end":{"line":24,"column":39}}},"2":{"name":"(anonymous_2)","line":43,"loc":{"start":{"line":43,"column":20},"end":{"line":43,"column":37}}},"3":{"name":"(anonymous_3)","line":59,"loc":{"start":{"line":59,"column":27},"end":{"line":59,"column":57}}},"4":{"name":"(anonymous_4)","line":143,"loc":{"start":{"line":143,"column":60},"end":{"line":143,"column":80}}}},"statementMap":{"1":{"start":{"line":3,"column":0},"end":{"line":3,"column":24}},"2":{"start":{"line":4,"column":0},"end":{"line":4,"column":28}},"3":{"start":{"line":5,"column":0},"end":{"line":5,"column":37}},"4":{"start":{"line":6,"column":0},"end":{"line":6,"column":50}},"5":{"start":{"line":7,"column":0},"end":{"line":7,"column":56}},"6":{"start":{"line":8,"column":0},"end":{"line":8,"column":33}},"7":{"start":{"line":24,"column":0},"end":{"line":154,"column":1}},"8":{"start":{"line":25,"column":1},"end":{"line":25,"column":15}},"9":{"start":{"line":26,"column":1},"end":{"line":26,"column":20}},"10":{"start":{"line":28,"column":1},"end":{"line":28,"column":17}},"11":{"start":{"line":29,"column":1},"end":{"line":29,"column":24}},"12":{"start":{"line":30,"column":1},"end":{"line":30,"column":15}},"13":{"start":{"line":31,"column":1},"end":{"line":36,"column":2}},"14":{"start":{"line":32,"column":2},"end":{"line":32,"column":40}},"15":{"start":{"line":43,"column":1},"end":{"line":49,"column":2}},"16":{"start":{"line":44,"column":2},"end":{"line":48,"column":3}},"17":{"start":{"line":59,"column":1},"end":{"line":89,"column":2}},"18":{"start":{"line":61,"column":2},"end":{"line":63,"column":3}},"19":{"start":{"line":62,"column":3},"end":{"line":62,"column":45}},"20":{"start":{"line":66,"column":2},"end":{"line":66,"column":29}},"21":{"start":{"line":66,"column":18},"end":{"line":66,"column":29}},"22":{"start":{"line":69,"column":2},"end":{"line":69,"column":27}},"23":{"start":{"line":75,"column":2},"end":{"line":75,"column":23}},"24":{"start":{"line":78,"column":2},"end":{"line":80,"column":3}},"25":{"start":{"line":79,"column":3},"end":{"line":79,"column":23}},"26":{"start":{"line":83,"column":2},"end":{"line":83,"column":48}},"27":{"start":{"line":85,"column":2},"end":{"line":85,"column":42}},"28":{"start":{"line":88,"column":2},"end":{"line":88,"column":60}},"29":{"start":{"line":94,"column":1},"end":{"line":141,"column":2}},"30":{"start":{"line":95,"column":2},"end":{"line":95,"column":34}},"31":{"start":{"line":99,"column":6},"end":{"line":141,"column":2}},"32":{"start":{"line":100,"column":2},"end":{"line":100,"column":81}},"33":{"start":{"line":101,"column":2},"end":{"line":106,"column":3}},"34":{"start":{"line":102,"column":3},"end":{"line":102,"column":44}},"35":{"start":{"line":105,"column":3},"end":{"line":105,"column":12}},"36":{"start":{"line":111,"column":6},"end":{"line":141,"column":2}},"37":{"start":{"line":113,"column":2},"end":{"line":113,"column":24}},"38":{"start":{"line":115,"column":2},"end":{"line":120,"column":3}},"39":{"start":{"line":116,"column":3},"end":{"line":116,"column":20}},"40":{"start":{"line":118,"column":7},"end":{"line":120,"column":3}},"41":{"start":{"line":119,"column":3},"end":{"line":119,"column":36}},"42":{"start":{"line":126,"column":2},"end":{"line":140,"column":3}},"43":{"start":{"line":128,"column":3},"end":{"line":128,"column":32}},"44":{"start":{"line":130,"column":3},"end":{"line":130,"column":54}},"45":{"start":{"line":133,"column":3},"end":{"line":135,"column":4}},"46":{"start":{"line":134,"column":4},"end":{"line":134,"column":30}},"47":{"start":{"line":139,"column":3},"end":{"line":139,"column":12}},"48":{"start":{"line":143,"column":1},"end":{"line":147,"column":4}},"49":{"start":{"line":144,"column":2},"end":{"line":146,"column":15}},"50":{"start":{"line":150,"column":1},"end":{"line":150,"column":59}},"51":{"start":{"line":153,"column":1},"end":{"line":153,"column":20}},"52":{"start":{"line":156,"column":0},"end":{"line":156,"column":26}}},"branchMap":{"1":{"line":61,"type":"if","locations":[{"start":{"line":61,"column":2},"end":{"line":61,"column":2}},{"start":{"line":61,"column":2},"end":{"line":61,"column":2}}]},"2":{"line":66,"type":"if","locations":[{"start":{"line":66,"column":2},"end":{"line":66,"column":2}},{"start":{"line":66,"column":2},"end":{"line":66,"column":2}}]},"3":{"line":94,"type":"if","locations":[{"start":{"line":94,"column":1},"end":{"line":94,"column":1}},{"start":{"line":94,"column":1},"end":{"line":94,"column":1}}]},"4":{"line":99,"type":"if","locations":[{"start":{"line":99,"column":6},"end":{"line":99,"column":6}},{"start":{"line":99,"column":6},"end":{"line":99,"column":6}}]},"5":{"line":100,"type":"cond-expr","locations":[{"start":{"line":100,"column":46},"end":{"line":100,"column":56}},{"start":{"line":100,"column":59},"end":{"line":100,"column":81}}]},"6":{"line":111,"type":"if","locations":[{"start":{"line":111,"column":6},"end":{"line":111,"column":6}},{"start":{"line":111,"column":6},"end":{"line":111,"column":6}}]},"7":{"line":111,"type":"binary-expr","locations":[{"start":{"line":111,"column":11},"end":{"line":111,"column":23}},{"start":{"line":112,"column":2},"end":{"line":112,"column":38}}]},"8":{"line":115,"type":"if","locations":[{"start":{"line":115,"column":2},"end":{"line":115,"column":2}},{"start":{"line":115,"column":2},"end":{"line":115,"column":2}}]},"9":{"line":115,"type":"binary-expr","locations":[{"start":{"line":115,"column":7},"end":{"line":115,"column":29}},{"start":{"line":115,"column":33},"end":{"line":115,"column":57}}]},"10":{"line":118,"type":"if","locations":[{"start":{"line":118,"column":7},"end":{"line":118,"column":7}},{"start":{"line":118,"column":7},"end":{"line":118,"column":7}}]},"11":{"line":133,"type":"if","locations":[{"start":{"line":133,"column":3},"end":{"line":133,"column":3}},{"start":{"line":133,"column":3},"end":{"line":133,"column":3}}]},"12":{"line":143,"type":"binary-expr","locations":[{"start":{"line":143,"column":26},"end":{"line":143,"column":46}},{"start":{"line":143,"column":50},"end":{"line":143,"column":52}}]},"13":{"line":150,"type":"binary-expr","locations":[{"start":{"line":150,"column":27},"end":{"line":150,"column":50}},{"start":{"line":150,"column":54},"end":{"line":150,"column":59}}]}},"code":["'use strict'","","var fs = require( 'fs' )","var path = require( 'path' )","var userHome = require( 'user-home' )","var pathIsAbsolute = require( 'path-is-absolute' )","var stripJsonComments = require( 'strip-json-comments' )","var Glob = require( 'glob' ).Glob","","// @TODO i just this sloppy just to fix some stuff","// comes back and refactor / cleanup","","/**"," * @description overrides default config with a new config object"," *              many potential code paths here."," * 1: user passed in config object via function param"," * 2: user passes location of .stylintrc file to use via cli"," * 3: user has options obj in package.json or path to"," * 4: none of the above, fallback to initial config"," * 5: user has a .stylintrc file in a dir but doesnt pass anything"," * @param {String} [configpath] If defined, the path to a config-file to read"," * @returns {Function} kick off linter again","*/","var setConfig = function( configpath ) {","\tvar files = []","\tvar customPath = ''","\t// return default config if nothing passed in or found","\tvar returnConfig","\tvar cwd = process.cwd()","\tvar pkg = null","\ttry {","\t\tpkg = require( cwd + '/package.json' )","\t}","\tcatch ( err ) {","\t\t// no output","\t}","","\t/**","\t * @description sets the return config if one if found","\t * @param  {string} path [where to look for config]","\t * @return {Object|void} [object if stylintrc found, undefined if not]","\t */","\tvar _parseConfig = function( path ) {","\t\treturn JSON.parse(","\t\t\tstripJsonComments(","\t\t\t\tfs.readFileSync( path, 'utf-8' )","\t\t\t)","\t\t)","\t}","","\t/**","\t * @description [reverse walk from cwd to usr]","\t *              [if .stylintrc found, use it]","\t * @param  {Array<string>} files [all files for this dir level]","\t * @param  {number} level [# of dirs traversed so far]","\t * @param  {string} cwd   [relative path to current directory being walked]","\t * @return {?Object|?Function} [config if found, recurse if not. null if failed]","\t */","\tvar _recurseDirectories = function( files, level, cwd ) {","\t\t// parse stylintrc if found, stop recursion","\t\tif ( files.indexOf( '.stylintrc' ) !== -1 ) {","\t\t\treturn _parseConfig( cwd + '/.stylintrc' )","\t\t}","","\t\t// only go up to user home directory, stop recursion","\t\tif ( userHome ) return null","","\t\t// next dir level","\t\tvar nextLevel = level + 1","\t\t// pathArr is generated by applying our dir level","\t\t// to cwd, and going backwards","\t\t// ie, level = 1, pathArr = [ cwd, '..' ]","\t\t// ie, level = 2, pathArr = [ cwd, '..', '..' ]","\t\t// and so on","\t\tvar pathArr = [ cwd ]","","\t\t// push '..' for each dir level","\t\twhile ( level-- ) {","\t\t\tpathArr.push( '..' )","\t\t}","","\t\t// creates the path to the next directory","\t\tvar newPath = path.join.apply( null, pathArr )","\t\t// gets the files for the next directory","\t\tvar newFiles = fs.readdirSync( newPath )","\t\t// passes the newFiles, nextLevel, and newPath to itself","\t\t// to start the process over again","\t\treturn _recurseDirectories( newFiles, nextLevel, newPath )","\t}","","\t// if 1, the customConfig will be what we want","\t// this only occurs if using stylint programmatically","\t// ie, user passed in option object","\tif ( this.customConfig ) {","\t\treturnConfig = this.customConfig","\t}","\t// if 2, we pass in a path to the config","\t// this only occurs if using stylint via the command line","\telse if ( configpath ) {","\t\tcustomPath = pathIsAbsolute( configpath ) ? configpath : cwd + '/' + configpath","\t\ttry {","\t\t\treturnConfig = _parseConfig( customPath )","\t\t}","\t\tcatch ( err ) {","\t\t\tthrow err","\t\t}","\t}","\t// 3, if user did not pass in option obj, or pass options via cli","\t// check the user's package.json for either an option obj, or","\t// at least a path to one","\telse if ( pkg !== null &&","\t\ttypeof pkg.stylintrc !== 'undefined' ) {","\t\tvar rc = pkg.stylintrc","","\t\tif ( typeof rc === 'object' && !( rc instanceof Array ) ) {","\t\t\treturnConfig = rc","\t\t}","\t\telse if ( typeof rc === 'string' ) {","\t\t\treturnConfig = _parseConfig( rc )","\t\t}","\t}","\t// 4, nothing passed in via cli or programmatically or via pkg","\t// start at cwd, walk up to user home directory, if nothing","\t// found, then just use the default config","\telse {","\t\ttry {","\t\t\t// recurse up to user home","\t\t\tfiles = fs.readdirSync( cwd )","\t\t\t// null if .stylintrc file found anywhere","\t\t\treturnConfig = _recurseDirectories( files, 1, cwd )","","\t\t\t// default config if nothing found","\t\t\tif ( !returnConfig ) {","\t\t\t\treturnConfig = this.config","\t\t\t}","\t\t}","\t\t// in case there's an issue parsing or no .stylintrc found at specified location","\t\tcatch ( err ) {","\t\t\tthrow err","\t\t}","\t}","","\treturnConfig.exclude = ( returnConfig.exclude || [] ).map( function( exclude ) {","\t\treturn new Glob( exclude, {","\t\t\tmatchBase: true","\t\t} ).minimatch","\t} )","","\t// make sure indentPref is set no matter what","\treturnConfig.indentPref = returnConfig.indentPref || false","","\t// 5, just return the default config if nothing found","\treturn returnConfig","}","","module.exports = setConfig",""],"l":{"3":1,"4":1,"5":1,"6":1,"7":1,"8":1,"24":1,"25":0,"26":0,"28":0,"29":0,"30":0,"31":0,"32":0,"43":0,"44":0,"59":0,"61":0,"62":0,"66":0,"69":0,"75":0,"78":0,"79":0,"83":0,"85":0,"88":0,"94":0,"95":0,"99":0,"100":0,"101":0,"102":0,"105":0,"111":0,"113":0,"115":0,"116":0,"118":0,"119":0,"126":0,"128":0,"130":0,"133":0,"134":0,"139":0,"143":0,"144":0,"150":0,"153":0,"156":1}},"/home/travis/build/npmtest/node-npmtest-stylint/node_modules/stylint/src/utils/setContext.js":{"path":"/home/travis/build/npmtest/node-npmtest-stylint/node_modules/stylint/src/utils/setContext.js","s":{"1":1,"2":0,"3":0,"4":0,"5":0,"6":0,"7":0,"8":0,"9":0,"10":0,"11":0,"12":1},"b":{"1":[0,0],"2":[0,0],"3":[0,0],"4":[0,0]},"f":{"1":0},"fnMap":{"1":{"name":"(anonymous_1)","line":8,"loc":{"start":{"line":8,"column":17},"end":{"line":8,"column":34}}}},"statementMap":{"1":{"start":{"line":8,"column":0},"end":{"line":32,"column":1}},"2":{"start":{"line":9,"column":1},"end":{"line":9,"column":16}},"3":{"start":{"line":10,"column":1},"end":{"line":10,"column":73}},"4":{"start":{"line":12,"column":1},"end":{"line":12,"column":44}},"5":{"start":{"line":18,"column":1},"end":{"line":29,"column":2}},"6":{"start":{"line":19,"column":2},"end":{"line":19,"column":41}},"7":{"start":{"line":22,"column":6},"end":{"line":29,"column":2}},"8":{"start":{"line":24,"column":2},"end":{"line":26,"column":3}},"9":{"start":{"line":25,"column":3},"end":{"line":25,"column":17}},"10":{"start":{"line":28,"column":2},"end":{"line":28,"column":54}},"11":{"start":{"line":31,"column":1},"end":{"line":31,"column":15}},"12":{"start":{"line":34,"column":0},"end":{"line":34,"column":27}}},"branchMap":{"1":{"line":10,"type":"binary-expr","locations":[{"start":{"line":10,"column":18},"end":{"line":10,"column":47}},{"start":{"line":10,"column":51},"end":{"line":10,"column":73}}]},"2":{"line":18,"type":"if","locations":[{"start":{"line":18,"column":1},"end":{"line":18,"column":1}},{"start":{"line":18,"column":1},"end":{"line":18,"column":1}}]},"3":{"line":22,"type":"if","locations":[{"start":{"line":22,"column":6},"end":{"line":22,"column":6}},{"start":{"line":22,"column":6},"end":{"line":22,"column":6}}]},"4":{"line":24,"type":"if","locations":[{"start":{"line":24,"column":2},"end":{"line":24,"column":2}},{"start":{"line":24,"column":2},"end":{"line":24,"column":2}}]}},"code":["'use strict'","","/**"," * @description whitespace is the 1 tru god of stylus, set context based on that"," * @param {string} [line] curr line being linted"," * @returns {number} # of indents deep we are","*/","var setContext = function( line ) {","\tvar context = 0","\tvar indentPref = this.config.indentPref.expect || this.config.indentPref","","\tthis.state.prevContext = this.state.context","","\t// no matter what our indentPref is,","\t// try to get context as best as possible","","\t// get context if tabs","\tif ( line.charAt( 0 ) === '\\t' ) {","\t\tcontext = /^\\t+/.exec( line )[0].length","\t}","\t// get context if spaces","\telse if ( line.charAt( 0 ) === ' ' ) {","\t\t// set default if no indentPref set","\t\tif ( typeof indentPref !== 'number' ) {","\t\t\tindentPref = 2","\t\t}","","\t\tcontext = /^\\s+/.exec( line )[0].length / indentPref","\t}","","\treturn context","}","","module.exports = setContext",""],"l":{"8":1,"9":0,"10":0,"12":0,"18":0,"19":0,"22":0,"24":0,"25":0,"28":0,"31":0,"34":1}},"/home/travis/build/npmtest/node-npmtest-stylint/node_modules/stylint/src/utils/splitAndStrip.js":{"path":"/home/travis/build/npmtest/node-npmtest-stylint/node_modules/stylint/src/utils/splitAndStrip.js","s":{"1":1,"2":0,"3":0,"4":1},"b":{},"f":{"1":0,"2":0},"fnMap":{"1":{"name":"(anonymous_1)","line":9,"loc":{"start":{"line":9,"column":20},"end":{"line":9,"column":41}}},"2":{"name":"(anonymous_2)","line":10,"loc":{"start":{"line":10,"column":33},"end":{"line":10,"column":49}}}},"statementMap":{"1":{"start":{"line":9,"column":0},"end":{"line":13,"column":1}},"2":{"start":{"line":10,"column":1},"end":{"line":12,"column":4}},"3":{"start":{"line":11,"column":2},"end":{"line":11,"column":23}},"4":{"start":{"line":15,"column":0},"end":{"line":15,"column":30}}},"branchMap":{},"code":["'use strict'","","/**"," * @description alliteration. split a str according to re, and filter out empty indexes"," * @param {Object} [re] regex object for splitting"," * @param {string} [line] curr line being linted"," * @returns {Array} split and filtered array","*/","var splitAndStrip = function( re, line ) {","\treturn line.split( re ).filter( function( str ) {","\t\treturn str.length > 0","\t} )","}","","module.exports = splitAndStrip",""],"l":{"9":1,"10":0,"11":0,"15":1}},"/home/travis/build/npmtest/node-npmtest-stylint/node_modules/stylint/src/utils/trimLine.js":{"path":"/home/travis/build/npmtest/node-npmtest-stylint/node_modules/stylint/src/utils/trimLine.js","s":{"1":1,"2":1,"3":0,"4":0,"5":0,"6":0,"7":0,"8":0,"9":0,"10":0,"11":0,"12":0,"13":1},"b":{"1":[0,0],"2":[0,0]},"f":{"1":0},"fnMap":{"1":{"name":"(anonymous_1)","line":12,"loc":{"start":{"line":12,"column":15},"end":{"line":12,"column":32}}}},"statementMap":{"1":{"start":{"line":3,"column":0},"end":{"line":3,"column":51}},"2":{"start":{"line":12,"column":0},"end":{"line":38,"column":1}},"3":{"start":{"line":13,"column":1},"end":{"line":13,"column":36}},"4":{"start":{"line":16,"column":1},"end":{"line":16,"column":30}},"5":{"start":{"line":17,"column":1},"end":{"line":17,"column":24}},"6":{"start":{"line":20,"column":1},"end":{"line":20,"column":48}},"7":{"start":{"line":23,"column":1},"end":{"line":34,"column":2}},"8":{"start":{"line":26,"column":2},"end":{"line":26,"column":30}},"9":{"start":{"line":28,"column":2},"end":{"line":28,"column":73}},"10":{"start":{"line":31,"column":2},"end":{"line":33,"column":3}},"11":{"start":{"line":32,"column":3},"end":{"line":32,"column":54}},"12":{"start":{"line":37,"column":1},"end":{"line":37,"column":46}},"13":{"start":{"line":40,"column":0},"end":{"line":40,"column":25}}},"branchMap":{"1":{"line":23,"type":"if","locations":[{"start":{"line":23,"column":1},"end":{"line":23,"column":1}},{"start":{"line":23,"column":1},"end":{"line":23,"column":1}}]},"2":{"line":31,"type":"if","locations":[{"start":{"line":31,"column":2},"end":{"line":31,"column":2}},{"start":{"line":31,"column":2},"end":{"line":31,"column":2}}]}},"code":["'use strict'","","var urlOrContentRe = /([\"'].+[\"'])|( +|:)url\\(.+\\)/","","/**"," * @description separate out line comments"," *              strip out interpolation"," *              strip out url and content strings"," * @param {string} [line] curr line being linted"," * @returns {string} the line, but minus all the annoying stuff","*/","var trimLine = function( line ) {","\tvar startsWithCommentRe = /(^\\/\\/)/","","\t// reset values from previous line","\tthis.state.hasComment = false","\tthis.cache.comment = ''","","\t// remove urls, content strings","\tvar noUrl = line.replace( urlOrContentRe, ' ' )","","\t// strip line comments, if any exist after stripping urls","\tif ( noUrl.indexOf( '//' ) !== -1 ) {","","\t\t// a for real line comment, no http:// false positive","\t\tthis.state.hasComment = true","\t\t// separate out line comment for spacing check","\t\tthis.cache.comment = noUrl.slice( noUrl.indexOf( '//' ), noUrl.length )","","\t\t// if this line comment is at the end of the line","\t\tif ( !startsWithCommentRe.test( noUrl.trim() ) ) {","\t\t\tnoUrl = noUrl.slice( 0, noUrl.indexOf( '//' ) - 1 )","\t\t}","\t}","","\t// strip interpolated variables","\treturn noUrl.replace( /( *{ *\\S+ *} *)/, '' )","}","","module.exports = trimLine",""],"l":{"3":1,"12":1,"13":0,"16":0,"17":0,"20":0,"23":0,"26":0,"28":0,"31":0,"32":0,"37":0,"40":1}}}